2025-03-12 10:21:45,441 INFO o.a.j.u.JMeterUtils: Setting Locale to en_EN
2025-03-12 10:21:45,510 INFO o.a.j.JMeter: Loading user properties from: /usr/local/bin/apache-jmeter-5.6.3/bin/user.properties
2025-03-12 10:21:45,511 INFO o.a.j.JMeter: Loading system properties from: /usr/local/bin/apache-jmeter-5.6.3/bin/system.properties
2025-03-12 10:21:45,518 INFO o.a.j.JMeter: Copyright (c) 1998-2024 The Apache Software Foundation
2025-03-12 10:21:45,518 INFO o.a.j.JMeter: Version 5.6.3
2025-03-12 10:21:45,518 INFO o.a.j.JMeter: java.version=17.0.14
2025-03-12 10:21:45,518 INFO o.a.j.JMeter: java.vm.name=OpenJDK 64-Bit Server VM
2025-03-12 10:21:45,518 INFO o.a.j.JMeter: os.name=Linux
2025-03-12 10:21:45,519 INFO o.a.j.JMeter: os.arch=amd64
2025-03-12 10:21:45,519 INFO o.a.j.JMeter: os.version=6.11.0-19-generic
2025-03-12 10:21:45,519 INFO o.a.j.JMeter: file.encoding=UTF-8
2025-03-12 10:21:45,519 INFO o.a.j.JMeter: java.awt.headless=true
2025-03-12 10:21:45,519 INFO o.a.j.JMeter: Max memory     =1073741824
2025-03-12 10:21:45,519 INFO o.a.j.JMeter: Available Processors =4
2025-03-12 10:21:45,531 INFO o.a.j.JMeter: Default Locale=English (EN)
2025-03-12 10:21:45,531 INFO o.a.j.JMeter: JMeter  Locale=English (EN)
2025-03-12 10:21:45,531 INFO o.a.j.JMeter: JMeterHome=/usr/local/bin/apache-jmeter-5.6.3
2025-03-12 10:21:45,531 INFO o.a.j.JMeter: user.dir  =/home/frnd/Projects/desafio-itau
2025-03-12 10:21:45,531 INFO o.a.j.JMeter: PWD       =/home/frnd/Projects/desafio-itau
2025-03-12 10:21:45,531 INFO o.a.j.JMeter: IP: 127.0.1.1 Name: frnd-Ubuntu FullName: frnd-Ubuntu
2025-03-12 10:21:45,603 INFO o.a.j.s.FileServer: Default base='/home/frnd/Projects/desafio-itau'
2025-03-12 10:21:45,606 INFO o.a.j.s.FileServer: Set new base='/home/frnd/Projects/desafio-itau/./JMeterFAFO'
2025-03-12 10:21:45,941 INFO o.a.j.s.SaveService: Testplan (JMX) version: 2.2. Testlog (JTL) version: 2.2
2025-03-12 10:21:46,040 INFO o.a.j.s.SaveService: Using SaveService properties version 5.0
2025-03-12 10:21:46,044 INFO o.a.j.s.SaveService: Using SaveService properties file encoding UTF-8
2025-03-12 10:21:46,048 INFO o.a.j.s.SaveService: Loading file: ./JMeterFAFO/desafio-itau-plan.jmx
2025-03-12 10:21:46,121 INFO o.a.j.p.h.c.CookieManager: Settings: Delete null: true Check: true Allow variable: true Save: false Prefix: COOKIE_
2025-03-12 10:21:46,238 INFO o.a.j.p.h.s.HTTPSamplerBase: Parser for text/html is org.apache.jmeter.protocol.http.parser.LagartoBasedHtmlParser
2025-03-12 10:21:46,238 INFO o.a.j.p.h.s.HTTPSamplerBase: Parser for application/xhtml+xml is org.apache.jmeter.protocol.http.parser.LagartoBasedHtmlParser
2025-03-12 10:21:46,238 INFO o.a.j.p.h.s.HTTPSamplerBase: Parser for application/xml is org.apache.jmeter.protocol.http.parser.LagartoBasedHtmlParser
2025-03-12 10:21:46,238 INFO o.a.j.p.h.s.HTTPSamplerBase: Parser for text/xml is org.apache.jmeter.protocol.http.parser.LagartoBasedHtmlParser
2025-03-12 10:21:46,238 INFO o.a.j.p.h.s.HTTPSamplerBase: Parser for text/vnd.wap.wml is org.apache.jmeter.protocol.http.parser.RegexpHTMLParser
2025-03-12 10:21:46,238 INFO o.a.j.p.h.s.HTTPSamplerBase: Parser for text/css is org.apache.jmeter.protocol.http.parser.CssParser
2025-03-12 10:21:46,368 INFO o.a.j.JMeter: Creating summariser <summary>
2025-03-12 10:21:46,381 INFO o.a.j.e.StandardJMeterEngine: Running the test!
2025-03-12 10:21:46,382 INFO o.a.j.s.SampleEvent: List of sample_variables: []
2025-03-12 10:21:46,382 INFO o.a.j.s.SampleEvent: List of sample_variables: []
2025-03-12 10:21:46,387 INFO o.a.j.e.u.CompoundVariable: Note: Function class names must contain the string: '.functions.'
2025-03-12 10:21:46,387 INFO o.a.j.e.u.CompoundVariable: Note: Function class names must not contain the string: '.gui.'
2025-03-12 10:21:47,257 INFO o.a.j.JMeter: Running test (1741785707257)
2025-03-12 10:21:47,313 INFO o.a.j.e.StandardJMeterEngine: Starting ThreadGroup: 1 : Scenario 1
2025-03-12 10:21:47,313 INFO o.a.j.e.StandardJMeterEngine: Starting 5 threads for group Scenario 1.
2025-03-12 10:21:47,313 INFO o.a.j.e.StandardJMeterEngine: Thread will continue on error
2025-03-12 10:21:47,313 INFO o.a.j.t.ThreadGroup: Starting thread group... number=1 threads=5 ramp-up=1 delayedStart=false
2025-03-12 10:21:47,320 INFO o.a.j.t.ThreadGroup: Started thread group number 1
2025-03-12 10:21:47,320 INFO o.a.j.e.StandardJMeterEngine: All thread groups have been started
2025-03-12 10:21:52,313 INFO o.a.j.t.JMeterThread: Thread started: Scenario 1 1-1
2025-03-12 10:21:52,514 INFO o.a.j.t.JMeterThread: Thread started: Scenario 1 1-2
2025-03-12 10:21:52,713 INFO o.a.j.t.JMeterThread: Thread started: Scenario 1 1-3
2025-03-12 10:21:52,913 INFO o.a.j.t.JMeterThread: Thread started: Scenario 1 1-4
2025-03-12 10:21:53,113 INFO o.a.j.t.JMeterThread: Thread started: Scenario 1 1-5
2025-03-12 10:21:53,423 INFO o.a.j.m.J.JSR223 PreProcessor | Number Generator: Random BigDecimal value: 7133.184
2025-03-12 10:21:53,424 INFO o.a.j.m.J.JSR223 PreProcessor | Number Generator: Random BigDecimal value: 7689.371
2025-03-12 10:21:53,424 INFO o.a.j.m.J.JSR223 PreProcessor | Number Generator: Random BigDecimal value: 2586.025
2025-03-12 10:21:53,424 INFO o.a.j.m.J.JSR223 PreProcessor | Number Generator: Random BigDecimal value: 3762.432
2025-03-12 10:21:53,425 INFO o.a.j.m.J.JSR223 PreProcessor | Number Generator: Random BigDecimal value: 444.936
2025-03-12 10:21:53,530 INFO o.a.j.p.h.s.HTTPHCAbstractImpl: Local host = frnd-Ubuntu
2025-03-12 10:21:53,551 INFO o.a.j.p.h.s.HTTPHC4Impl: HTTP request retry count = 0
2025-03-12 10:21:53,552 INFO o.a.j.s.SampleResult: Note: Sample TimeStamps are START times
2025-03-12 10:21:53,552 INFO o.a.j.s.SampleResult: sampleresult.default.encoding is set to UTF-8
2025-03-12 10:21:53,552 INFO o.a.j.s.SampleResult: sampleresult.useNanoTime=true
2025-03-12 10:21:53,552 INFO o.a.j.s.SampleResult: sampleresult.nanoThreadSleep=5000
2025-03-12 10:21:53,803 INFO o.a.j.m.J.JSR223 PreProcessor | Number Generator: Random BigDecimal value: 7195.282
2025-03-12 10:21:53,807 INFO o.a.j.m.J.JSR223 PreProcessor | Number Generator: Random BigDecimal value: 8117.460
2025-03-12 10:21:53,808 INFO o.a.j.m.J.JSR223 PreProcessor | Number Generator: Random BigDecimal value: 7719.981
2025-03-12 10:21:53,809 INFO o.a.j.m.J.JSR223 PreProcessor | Number Generator: Random BigDecimal value: 9175.686
2025-03-12 10:21:53,812 INFO o.a.j.m.J.JSR223 PreProcessor | Number Generator: Random BigDecimal value: 265.255
2025-03-12 10:21:54,812 INFO o.a.j.m.J.JSR223 PreProcessor | Number Generator: Random BigDecimal value: 6154.290
2025-03-12 10:21:54,815 INFO o.a.j.m.J.JSR223 PreProcessor | Number Generator: Random BigDecimal value: 4167.030
2025-03-12 10:21:54,842 INFO o.a.j.m.J.JSR223 PreProcessor | Number Generator: Random BigDecimal value: 3198.817
2025-03-12 10:21:54,870 INFO o.a.j.m.J.JSR223 PreProcessor | Number Generator: Random BigDecimal value: 2112.581
2025-03-12 10:21:54,868 INFO o.a.j.m.J.JSR223 PreProcessor | Number Generator: Random BigDecimal value: 6654.502
2025-03-12 10:21:54,872 INFO o.a.j.m.J.JSR223 PreProcessor | Number Generator: Random BigDecimal value: 8940.601
2025-03-12 10:21:54,889 INFO o.a.j.m.J.JSR223 PreProcessor | Number Generator: Random BigDecimal value: 6814.798
2025-03-12 10:21:54,891 INFO o.a.j.m.J.JSR223 PreProcessor | Number Generator: Random BigDecimal value: -246.280
2025-03-12 10:21:54,903 INFO o.a.j.u.JsseSSLManager: Using default SSL protocol: TLS
2025-03-12 10:21:54,903 INFO o.a.j.u.JsseSSLManager: SSL session context: per-thread
2025-03-12 10:21:54,920 INFO o.a.j.m.J.JSR223 PreProcessor | Number Generator: Random BigDecimal value: 2979.714
2025-03-12 10:21:54,934 INFO o.a.j.m.J.JSR223 PreProcessor | Number Generator: Random BigDecimal value: 1260.864
2025-03-12 10:21:54,954 INFO o.a.j.m.J.JSR223 PreProcessor | Number Generator: Random BigDecimal value: 2612.959
2025-03-12 10:21:54,962 INFO o.a.j.m.J.JSR223 PreProcessor | Number Generator: Random BigDecimal value: -68.133
2025-03-12 10:21:54,966 INFO o.a.j.m.J.JSR223 PreProcessor | Number Generator: Random BigDecimal value: 2491.311
2025-03-12 10:21:54,971 INFO o.a.j.m.J.JSR223 PreProcessor | Number Generator: Random BigDecimal value: 3997.140
2025-03-12 10:21:54,971 INFO o.a.j.m.J.JSR223 PreProcessor | Number Generator: Random BigDecimal value: 5576.987
2025-03-12 10:21:55,985 INFO o.a.j.m.J.JSR223 PreProcessor | Number Generator: Random BigDecimal value: 2601.668
2025-03-12 10:21:55,991 INFO o.a.j.m.J.JSR223 PreProcessor | Number Generator: Random BigDecimal value: 1340.132
2025-03-12 10:21:55,997 INFO o.a.j.m.J.JSR223 PreProcessor | Number Generator: Random BigDecimal value: 5735.870
2025-03-12 10:21:56,009 INFO o.a.j.m.J.JSR223 PreProcessor | Number Generator: Random BigDecimal value: 8136.020
2025-03-12 10:21:56,017 INFO o.a.j.m.J.JSR223 PreProcessor | Number Generator: Random BigDecimal value: 9012.149
2025-03-12 10:21:56,029 INFO o.a.j.m.J.JSR223 PreProcessor | Number Generator: Random BigDecimal value: 7790.155
2025-03-12 10:21:56,036 INFO o.a.j.m.J.JSR223 PreProcessor | Number Generator: Random BigDecimal value: 5217.515
2025-03-12 10:21:56,039 INFO o.a.j.m.J.JSR223 PreProcessor | Number Generator: Random BigDecimal value: 5876.787
2025-03-12 10:21:56,055 INFO o.a.j.m.J.JSR223 PreProcessor | Number Generator: Random BigDecimal value: 1142.314
2025-03-12 10:21:56,056 INFO o.a.j.m.J.JSR223 PreProcessor | Number Generator: Random BigDecimal value: 5326.063
2025-03-12 10:21:56,065 INFO o.a.j.m.J.JSR223 PreProcessor | Number Generator: Random BigDecimal value: 8736.601
2025-03-12 10:21:56,066 INFO o.a.j.m.J.JSR223 PreProcessor | Number Generator: Random BigDecimal value: 7545.407
2025-03-12 10:21:56,084 INFO o.a.j.m.J.JSR223 PreProcessor | Number Generator: Random BigDecimal value: 7217.184
2025-03-12 10:21:56,106 INFO o.a.j.m.J.JSR223 PreProcessor | Number Generator: Random BigDecimal value: 811.299
2025-03-12 10:21:56,118 INFO o.a.j.m.J.JSR223 PreProcessor | Number Generator: Random BigDecimal value: 1704.134
2025-03-12 10:21:57,110 INFO o.a.j.m.J.JSR223 PreProcessor | Number Generator: Random BigDecimal value: 8336.308
2025-03-12 10:21:57,121 INFO o.a.j.m.J.JSR223 PreProcessor | Number Generator: Random BigDecimal value: 422.648
2025-03-12 10:21:57,124 INFO o.a.j.m.J.JSR223 PreProcessor | Number Generator: Random BigDecimal value: 6099.809
2025-03-12 10:21:57,130 INFO o.a.j.m.J.JSR223 PreProcessor | Number Generator: Random BigDecimal value: 8608.061
2025-03-12 10:21:57,136 INFO o.a.j.m.J.JSR223 PreProcessor | Number Generator: Random BigDecimal value: 4847.373
2025-03-12 10:21:57,141 INFO o.a.j.m.J.JSR223 PreProcessor | Number Generator: Random BigDecimal value: 9200.113
2025-03-12 10:21:57,152 INFO o.a.j.m.J.JSR223 PreProcessor | Number Generator: Random BigDecimal value: 5070.451
2025-03-12 10:21:57,159 INFO o.a.j.m.J.JSR223 PreProcessor | Number Generator: Random BigDecimal value: 8308.455
2025-03-12 10:21:57,161 INFO o.a.j.m.J.JSR223 PreProcessor | Number Generator: Random BigDecimal value: 2295.590
2025-03-12 10:21:57,163 INFO o.a.j.m.J.JSR223 PreProcessor | Number Generator: Random BigDecimal value: 7281.646
2025-03-12 10:21:57,173 INFO o.a.j.m.J.JSR223 PreProcessor | Number Generator: Random BigDecimal value: 684.951
2025-03-12 10:21:57,179 INFO o.a.j.m.J.JSR223 PreProcessor | Number Generator: Random BigDecimal value: 6448.353
2025-03-12 10:21:57,196 INFO o.a.j.m.J.JSR223 PreProcessor | Number Generator: Random BigDecimal value: 3001.719
2025-03-12 10:21:57,202 INFO o.a.j.m.J.JSR223 PreProcessor | Number Generator: Random BigDecimal value: 8098.225
2025-03-12 10:21:57,210 INFO o.a.j.m.J.JSR223 PreProcessor | Number Generator: Random BigDecimal value: 1921.106
2025-03-12 10:21:58,208 INFO o.a.j.m.J.JSR223 PreProcessor | Number Generator: Random BigDecimal value: 9828.477
2025-03-12 10:21:58,216 INFO o.a.j.m.J.JSR223 PreProcessor | Number Generator: Random BigDecimal value: 9879.777
2025-03-12 10:21:58,234 INFO o.a.j.m.J.JSR223 PreProcessor | Number Generator: Random BigDecimal value: 658.891
2025-03-12 10:21:58,262 INFO o.a.j.m.J.JSR223 PreProcessor | Number Generator: Random BigDecimal value: 2238.727
2025-03-12 10:21:58,273 INFO o.a.j.m.J.JSR223 PreProcessor | Number Generator: Random BigDecimal value: 5501.977
2025-03-12 10:21:58,273 INFO o.a.j.m.J.JSR223 PreProcessor | Number Generator: Random BigDecimal value: 3919.034
2025-03-12 10:21:58,279 INFO o.a.j.m.J.JSR223 PreProcessor | Number Generator: Random BigDecimal value: 1177.952
2025-03-12 10:21:58,290 INFO o.a.j.m.J.JSR223 PreProcessor | Number Generator: Random BigDecimal value: 3652.613
2025-03-12 10:21:58,295 INFO o.a.j.m.J.JSR223 PreProcessor | Number Generator: Random BigDecimal value: 9632.922
2025-03-12 10:21:58,297 INFO o.a.j.m.J.JSR223 PreProcessor | Number Generator: Random BigDecimal value: 2971.616
2025-03-12 10:21:58,299 INFO o.a.j.m.J.JSR223 PreProcessor | Number Generator: Random BigDecimal value: 4852.996
2025-03-12 10:21:58,319 INFO o.a.j.m.J.JSR223 PreProcessor | Number Generator: Random BigDecimal value: 8509.561
2025-03-12 10:21:58,337 INFO o.a.j.m.J.JSR223 PreProcessor | Number Generator: Random BigDecimal value: 4812.625
2025-03-12 10:21:58,345 INFO o.a.j.m.J.JSR223 PreProcessor | Number Generator: Random BigDecimal value: 9618.660
2025-03-12 10:21:58,345 INFO o.a.j.m.J.JSR223 PreProcessor | Number Generator: Random BigDecimal value: 7086.267
2025-03-12 10:21:59,333 INFO o.a.j.m.J.JSR223 PreProcessor | Number Generator: Random BigDecimal value: 8661.152
2025-03-12 10:21:59,340 INFO o.a.j.m.J.JSR223 PreProcessor | Number Generator: Random BigDecimal value: 9460.885
2025-03-12 10:21:59,350 INFO o.a.j.m.J.JSR223 PreProcessor | Number Generator: Random BigDecimal value: 8382.266
2025-03-12 10:21:59,358 INFO o.a.j.m.J.JSR223 PreProcessor | Number Generator: Random BigDecimal value: 5233.993
2025-03-12 10:21:59,362 INFO o.a.j.m.J.JSR223 PreProcessor | Number Generator: Random BigDecimal value: 7921.712
2025-03-12 10:21:59,374 INFO o.a.j.m.J.JSR223 PreProcessor | Number Generator: Random BigDecimal value: 2302.058
2025-03-12 10:21:59,374 INFO o.a.j.m.J.JSR223 PreProcessor | Number Generator: Random BigDecimal value: 186.310
2025-03-12 10:21:59,388 INFO o.a.j.m.J.JSR223 PreProcessor | Number Generator: Random BigDecimal value: 2570.527
2025-03-12 10:21:59,408 INFO o.a.j.m.J.JSR223 PreProcessor | Number Generator: Random BigDecimal value: 7502.501
2025-03-12 10:21:59,413 INFO o.a.j.m.J.JSR223 PreProcessor | Number Generator: Random BigDecimal value: 4512.274
2025-03-12 10:21:59,418 INFO o.a.j.m.J.JSR223 PreProcessor | Number Generator: Random BigDecimal value: 2688.399
2025-03-12 10:21:59,442 INFO o.a.j.m.J.JSR223 PreProcessor | Number Generator: Random BigDecimal value: 9612.577
2025-03-12 10:21:59,450 INFO o.a.j.m.J.JSR223 PreProcessor | Number Generator: Random BigDecimal value: 6487.810
2025-03-12 10:21:59,459 INFO o.a.j.m.J.JSR223 PreProcessor | Number Generator: Random BigDecimal value: 3193.407
2025-03-12 10:21:59,488 INFO o.a.j.m.J.JSR223 PreProcessor | Number Generator: Random BigDecimal value: 9907.026
2025-03-12 10:22:00,391 INFO o.a.j.m.J.JSR223 PreProcessor | Number Generator: Random BigDecimal value: 6251.545
2025-03-12 10:22:00,401 INFO o.a.j.r.Summariser: summary +     56 in 00:00:13 =    4.3/s Avg:    38 Min:     7 Max:   151 Err:    30 (53.57%) Active: 5 Started: 5 Finished: 0
2025-03-12 10:22:00,402 INFO o.a.j.m.J.JSR223 PreProcessor | Number Generator: Random BigDecimal value: 2404.210
2025-03-12 10:22:00,419 INFO o.a.j.m.J.JSR223 PreProcessor | Number Generator: Random BigDecimal value: 2121.245
2025-03-12 10:22:00,429 INFO o.a.j.m.J.JSR223 PreProcessor | Number Generator: Random BigDecimal value: 5460.124
2025-03-12 10:22:00,437 INFO o.a.j.m.J.JSR223 PreProcessor | Number Generator: Random BigDecimal value: 269.870
2025-03-12 10:22:00,452 INFO o.a.j.m.J.JSR223 PreProcessor | Number Generator: Random BigDecimal value: 6504.767
2025-03-12 10:22:00,457 INFO o.a.j.m.J.JSR223 PreProcessor | Number Generator: Random BigDecimal value: -550.007
2025-03-12 10:22:00,464 INFO o.a.j.m.J.JSR223 PreProcessor | Number Generator: Random BigDecimal value: 7736.913
2025-03-12 10:22:00,487 INFO o.a.j.m.J.JSR223 PreProcessor | Number Generator: Random BigDecimal value: 833.390
2025-03-12 10:22:00,499 INFO o.a.j.m.J.JSR223 PreProcessor | Number Generator: Random BigDecimal value: 5564.558
2025-03-12 10:22:00,507 INFO o.a.j.m.J.JSR223 PreProcessor | Number Generator: Random BigDecimal value: 9060.607
2025-03-12 10:22:00,512 INFO o.a.j.m.J.JSR223 PreProcessor | Number Generator: Random BigDecimal value: 1425.071
2025-03-12 10:22:00,524 INFO o.a.j.m.J.JSR223 PreProcessor | Number Generator: Random BigDecimal value: 8357.100
2025-03-12 10:22:00,529 INFO o.a.j.m.J.JSR223 PreProcessor | Number Generator: Random BigDecimal value: 2726.306
2025-03-12 10:22:00,544 INFO o.a.j.m.J.JSR223 PreProcessor | Number Generator: Random BigDecimal value: 9639.487
2025-03-12 10:22:01,435 INFO o.a.j.m.J.JSR223 PreProcessor | Number Generator: Random BigDecimal value: 5961.823
2025-03-12 10:22:01,443 INFO o.a.j.m.J.JSR223 PreProcessor | Number Generator: Random BigDecimal value: 3827.231
2025-03-12 10:22:01,485 INFO o.a.j.m.J.JSR223 PreProcessor | Number Generator: Random BigDecimal value: 6313.411
2025-03-12 10:22:01,532 INFO o.a.j.m.J.JSR223 PreProcessor | Number Generator: Random BigDecimal value: 1268.906
2025-03-12 10:22:01,563 INFO o.a.j.m.J.JSR223 PreProcessor | Number Generator: Random BigDecimal value: 6801.668
2025-03-12 10:22:01,580 INFO o.a.j.m.J.JSR223 PreProcessor | Number Generator: Random BigDecimal value: 6173.353
2025-03-12 10:22:01,592 INFO o.a.j.m.J.JSR223 PreProcessor | Number Generator: Random BigDecimal value: 9460.110
2025-03-12 10:22:01,599 INFO o.a.j.m.J.JSR223 PreProcessor | Number Generator: Random BigDecimal value: 7407.032
2025-03-12 10:22:01,626 INFO o.a.j.m.J.JSR223 PreProcessor | Number Generator: Random BigDecimal value: 9714.936
2025-03-12 10:22:01,633 INFO o.a.j.m.J.JSR223 PreProcessor | Number Generator: Random BigDecimal value: 5670.223
2025-03-12 10:22:01,648 INFO o.a.j.m.J.JSR223 PreProcessor | Number Generator: Random BigDecimal value: 9949.845
2025-03-12 10:22:01,668 INFO o.a.j.m.J.JSR223 PreProcessor | Number Generator: Random BigDecimal value: 3838.440
2025-03-12 10:22:01,666 INFO o.a.j.m.J.JSR223 PreProcessor | Number Generator: Random BigDecimal value: 2531.648
2025-03-12 10:22:01,695 INFO o.a.j.m.J.JSR223 PreProcessor | Number Generator: Random BigDecimal value: 8516.288
2025-03-12 10:22:01,703 INFO o.a.j.m.J.JSR223 PreProcessor | Number Generator: Random BigDecimal value: 2799.336
2025-03-12 10:22:02,493 INFO o.a.j.m.J.JSR223 PreProcessor | Number Generator: Random BigDecimal value: 9450.629
2025-03-12 10:22:02,512 INFO o.a.j.m.J.JSR223 PreProcessor | Number Generator: Random BigDecimal value: 5721.908
2025-03-12 10:22:02,550 INFO o.a.j.m.J.JSR223 PreProcessor | Number Generator: Random BigDecimal value: 2824.219
2025-03-12 10:22:02,671 INFO o.a.j.m.J.JSR223 PreProcessor | Number Generator: Random BigDecimal value: 844.168
2025-03-12 10:22:02,685 INFO o.a.j.m.J.JSR223 PreProcessor | Number Generator: Random BigDecimal value: 5433.887
2025-03-12 10:22:02,686 INFO o.a.j.m.J.JSR223 PreProcessor | Number Generator: Random BigDecimal value: 9296.869
2025-03-12 10:22:02,704 INFO o.a.j.m.J.JSR223 PreProcessor | Number Generator: Random BigDecimal value: 7120.484
2025-03-12 10:22:02,724 INFO o.a.j.m.J.JSR223 PreProcessor | Number Generator: Random BigDecimal value: 5916.985
2025-03-12 10:22:02,730 INFO o.a.j.m.J.JSR223 PreProcessor | Number Generator: Random BigDecimal value: 2695.913
2025-03-12 10:22:02,744 INFO o.a.j.m.J.JSR223 PreProcessor | Number Generator: Random BigDecimal value: 4409.034
2025-03-12 10:22:02,754 INFO o.a.j.m.J.JSR223 PreProcessor | Number Generator: Random BigDecimal value: 4220.849
2025-03-12 10:22:02,756 INFO o.a.j.m.J.JSR223 PreProcessor | Number Generator: Random BigDecimal value: 4112.708
2025-03-12 10:22:02,772 INFO o.a.j.m.J.JSR223 PreProcessor | Number Generator: Random BigDecimal value: 9602.134
2025-03-12 10:22:02,784 INFO o.a.j.m.J.JSR223 PreProcessor | Number Generator: Random BigDecimal value: 6414.149
2025-03-12 10:22:02,794 INFO o.a.j.m.J.JSR223 PreProcessor | Number Generator: Random BigDecimal value: 2889.810
2025-03-12 10:22:03,611 INFO o.a.j.m.J.JSR223 PreProcessor | Number Generator: Random BigDecimal value: 9150.380
2025-03-12 10:22:03,620 INFO o.a.j.m.J.JSR223 PreProcessor | Number Generator: Random BigDecimal value: 9061.128
2025-03-12 10:22:03,646 INFO o.a.j.m.J.JSR223 PreProcessor | Number Generator: Random BigDecimal value: 9272.594
2025-03-12 10:22:03,764 INFO o.a.j.m.J.JSR223 PreProcessor | Number Generator: Random BigDecimal value: 2159.222
2025-03-12 10:22:03,774 INFO o.a.j.m.J.JSR223 PreProcessor | Number Generator: Random BigDecimal value: 4961.483
2025-03-12 10:22:03,785 INFO o.a.j.m.J.JSR223 PreProcessor | Number Generator: Random BigDecimal value: 4044.308
2025-03-12 10:22:03,798 INFO o.a.j.m.J.JSR223 PreProcessor | Number Generator: Random BigDecimal value: 583.865
2025-03-12 10:22:03,798 INFO o.a.j.m.J.JSR223 PreProcessor | Number Generator: Random BigDecimal value: 7415.976
2025-03-12 10:22:03,819 INFO o.a.j.m.J.JSR223 PreProcessor | Number Generator: Random BigDecimal value: 2299.748
2025-03-12 10:22:03,847 INFO o.a.j.m.J.JSR223 PreProcessor | Number Generator: Random BigDecimal value: 6005.915
2025-03-12 10:22:03,854 INFO o.a.j.m.J.JSR223 PreProcessor | Number Generator: Random BigDecimal value: -861.671
2025-03-12 10:22:03,867 INFO o.a.j.m.J.JSR223 PreProcessor | Number Generator: Random BigDecimal value: 503.293
2025-03-12 10:22:03,880 INFO o.a.j.m.J.JSR223 PreProcessor | Number Generator: Random BigDecimal value: 4497.620
2025-03-12 10:22:03,885 INFO o.a.j.m.J.JSR223 PreProcessor | Number Generator: Random BigDecimal value: 9120.188
2025-03-12 10:22:03,903 INFO o.a.j.m.J.JSR223 PreProcessor | Number Generator: Random BigDecimal value: -215.570
2025-03-12 10:22:04,730 INFO o.a.j.m.J.JSR223 PreProcessor | Number Generator: Random BigDecimal value: 9014.161
2025-03-12 10:22:04,738 INFO o.a.j.m.J.JSR223 PreProcessor | Number Generator: Random BigDecimal value: 3350.647
2025-03-12 10:22:04,753 INFO o.a.j.m.J.JSR223 PreProcessor | Number Generator: Random BigDecimal value: 6754.235
2025-03-12 10:22:04,854 INFO o.a.j.m.J.JSR223 PreProcessor | Number Generator: Random BigDecimal value: 690.723
2025-03-12 10:22:04,862 INFO o.a.j.m.J.JSR223 PreProcessor | Number Generator: Random BigDecimal value: 8792.673
2025-03-12 10:22:04,886 INFO o.a.j.m.J.JSR223 PreProcessor | Number Generator: Random BigDecimal value: 9601.171
2025-03-12 10:22:04,897 INFO o.a.j.m.J.JSR223 PreProcessor | Number Generator: Random BigDecimal value: -548.414
2025-03-12 10:22:04,905 INFO o.a.j.m.J.JSR223 PreProcessor | Number Generator: Random BigDecimal value: 9508.824
2025-03-12 10:22:04,919 INFO o.a.j.m.J.JSR223 PreProcessor | Number Generator: Random BigDecimal value: 247.375
2025-03-12 10:22:04,929 INFO o.a.j.m.J.JSR223 PreProcessor | Number Generator: Random BigDecimal value: 3576.738
2025-03-12 10:22:04,934 INFO o.a.j.m.J.JSR223 PreProcessor | Number Generator: Random BigDecimal value: 1886.529
2025-03-12 10:22:04,936 INFO o.a.j.m.J.JSR223 PreProcessor | Number Generator: Random BigDecimal value: 1431.525
2025-03-12 10:22:04,946 INFO o.a.j.m.J.JSR223 PreProcessor | Number Generator: Random BigDecimal value: 1622.397
2025-03-12 10:22:04,961 INFO o.a.j.m.J.JSR223 PreProcessor | Number Generator: Random BigDecimal value: -822.345
2025-03-12 10:22:04,969 INFO o.a.j.m.J.JSR223 PreProcessor | Number Generator: Random BigDecimal value: 4788.199
2025-03-12 10:22:05,767 INFO o.a.j.m.J.JSR223 PreProcessor | Number Generator: Random BigDecimal value: 2710.945
2025-03-12 10:22:05,787 INFO o.a.j.m.J.JSR223 PreProcessor | Number Generator: Random BigDecimal value: 1675.962
2025-03-12 10:22:05,812 INFO o.a.j.m.J.JSR223 PreProcessor | Number Generator: Random BigDecimal value: 4706.147
2025-03-12 10:22:05,935 INFO o.a.j.m.J.JSR223 PreProcessor | Number Generator: Random BigDecimal value: 5696.950
2025-03-12 10:22:05,942 INFO o.a.j.m.J.JSR223 PreProcessor | Number Generator: Random BigDecimal value: 5926.701
2025-03-12 10:22:05,962 INFO o.a.j.m.J.JSR223 PreProcessor | Number Generator: Random BigDecimal value: -617.059
2025-03-12 10:22:05,988 INFO o.a.j.m.J.JSR223 PreProcessor | Number Generator: Random BigDecimal value: -146.515
2025-03-12 10:22:05,996 INFO o.a.j.m.J.JSR223 PreProcessor | Number Generator: Random BigDecimal value: 6656.867
2025-03-12 10:22:06,001 INFO o.a.j.m.J.JSR223 PreProcessor | Number Generator: Random BigDecimal value: 4017.642
2025-03-12 10:22:06,012 INFO o.a.j.m.J.JSR223 PreProcessor | Number Generator: Random BigDecimal value: 8319.387
2025-03-12 10:22:06,017 INFO o.a.j.m.J.JSR223 PreProcessor | Number Generator: Random BigDecimal value: 7613.418
2025-03-12 10:22:06,032 INFO o.a.j.m.J.JSR223 PreProcessor | Number Generator: Random BigDecimal value: 2502.253
2025-03-12 10:22:06,040 INFO o.a.j.m.J.JSR223 PreProcessor | Number Generator: Random BigDecimal value: 1999.739
2025-03-12 10:22:06,042 INFO o.a.j.m.J.JSR223 PreProcessor | Number Generator: Random BigDecimal value: 240.506
2025-03-12 10:22:06,062 INFO o.a.j.m.J.JSR223 PreProcessor | Number Generator: Random BigDecimal value: -36.872
2025-03-12 10:22:06,906 INFO o.a.j.m.J.JSR223 PreProcessor | Number Generator: Random BigDecimal value: -696.313
2025-03-12 10:22:06,914 INFO o.a.j.m.J.JSR223 PreProcessor | Number Generator: Random BigDecimal value: 1244.218
2025-03-12 10:22:06,937 INFO o.a.j.m.J.JSR223 PreProcessor | Number Generator: Random BigDecimal value: 8047.209
2025-03-12 10:22:07,028 INFO o.a.j.m.J.JSR223 PreProcessor | Number Generator: Random BigDecimal value: 1731.786
2025-03-12 10:22:07,036 INFO o.a.j.m.J.JSR223 PreProcessor | Number Generator: Random BigDecimal value: 8800.690
2025-03-12 10:22:07,062 INFO o.a.j.m.J.JSR223 PreProcessor | Number Generator: Random BigDecimal value: 2243.001
2025-03-12 10:22:07,089 INFO o.a.j.m.J.JSR223 PreProcessor | Number Generator: Random BigDecimal value: 1941.351
2025-03-12 10:22:07,094 INFO o.a.j.m.J.JSR223 PreProcessor | Number Generator: Random BigDecimal value: 5374.632
2025-03-12 10:22:07,097 INFO o.a.j.m.J.JSR223 PreProcessor | Number Generator: Random BigDecimal value: 3241.208
2025-03-12 10:22:07,106 INFO o.a.j.m.J.JSR223 PreProcessor | Number Generator: Random BigDecimal value: 4945.983
2025-03-12 10:22:07,118 INFO o.a.j.m.J.JSR223 PreProcessor | Number Generator: Random BigDecimal value: 3885.907
2025-03-12 10:22:07,122 INFO o.a.j.m.J.JSR223 PreProcessor | Number Generator: Random BigDecimal value: 7130.298
2025-03-12 10:22:07,129 INFO o.a.j.m.J.JSR223 PreProcessor | Number Generator: Random BigDecimal value: 7971.001
2025-03-12 10:22:07,131 INFO o.a.j.m.J.JSR223 PreProcessor | Number Generator: Random BigDecimal value: 9997.548
2025-03-12 10:22:07,148 INFO o.a.j.m.J.JSR223 PreProcessor | Number Generator: Random BigDecimal value: 2805.703
2025-03-12 10:22:07,989 INFO o.a.j.m.J.JSR223 PreProcessor | Number Generator: Random BigDecimal value: 4498.880
2025-03-12 10:22:07,996 INFO o.a.j.m.J.JSR223 PreProcessor | Number Generator: Random BigDecimal value: 9445.671
2025-03-12 10:22:08,013 INFO o.a.j.m.J.JSR223 PreProcessor | Number Generator: Random BigDecimal value: 7540.153
2025-03-12 10:22:08,135 INFO o.a.j.m.J.JSR223 PreProcessor | Number Generator: Random BigDecimal value: 7974.940
2025-03-12 10:22:08,143 INFO o.a.j.m.J.JSR223 PreProcessor | Number Generator: Random BigDecimal value: 3969.986
2025-03-12 10:22:08,158 INFO o.a.j.m.J.JSR223 PreProcessor | Number Generator: Random BigDecimal value: 907.326
2025-03-12 10:22:08,163 INFO o.a.j.m.J.JSR223 PreProcessor | Number Generator: Random BigDecimal value: 3679.626
2025-03-12 10:22:08,168 INFO o.a.j.m.J.JSR223 PreProcessor | Number Generator: Random BigDecimal value: 6014.514
2025-03-12 10:22:08,178 INFO o.a.j.m.J.JSR223 PreProcessor | Number Generator: Random BigDecimal value: 8541.705
2025-03-12 10:22:08,182 INFO o.a.j.m.J.JSR223 PreProcessor | Number Generator: Random BigDecimal value: -15.998
2025-03-12 10:22:08,192 INFO o.a.j.m.J.JSR223 PreProcessor | Number Generator: Random BigDecimal value: 3245.156
2025-03-12 10:22:08,205 INFO o.a.j.m.J.JSR223 PreProcessor | Number Generator: Random BigDecimal value: -346.784
2025-03-12 10:22:08,229 INFO o.a.j.m.J.JSR223 PreProcessor | Number Generator: Random BigDecimal value: 4765.133
2025-03-12 10:22:08,245 INFO o.a.j.m.J.JSR223 PreProcessor | Number Generator: Random BigDecimal value: 773.647
2025-03-12 10:22:08,348 INFO o.a.j.m.J.JSR223 PreProcessor | Number Generator: Random BigDecimal value: 3084.747
2025-03-12 10:22:09,105 INFO o.a.j.m.J.JSR223 PreProcessor | Number Generator: Random BigDecimal value: -952.894
2025-03-12 10:22:09,113 INFO o.a.j.m.J.JSR223 PreProcessor | Number Generator: Random BigDecimal value: 5837.721
2025-03-12 10:22:09,136 INFO o.a.j.m.J.JSR223 PreProcessor | Number Generator: Random BigDecimal value: 6617.032
2025-03-12 10:22:09,196 INFO o.a.j.m.J.JSR223 PreProcessor | Number Generator: Random BigDecimal value: 1855.152
2025-03-12 10:22:09,204 INFO o.a.j.m.J.JSR223 PreProcessor | Number Generator: Random BigDecimal value: 7891.849
2025-03-12 10:22:09,217 INFO o.a.j.m.J.JSR223 PreProcessor | Number Generator: Random BigDecimal value: -326.663
2025-03-12 10:22:09,222 INFO o.a.j.m.J.JSR223 PreProcessor | Number Generator: Random BigDecimal value: 793.091
2025-03-12 10:22:09,226 INFO o.a.j.m.J.JSR223 PreProcessor | Number Generator: Random BigDecimal value: 9075.041
2025-03-12 10:22:09,246 INFO o.a.j.m.J.JSR223 PreProcessor | Number Generator: Random BigDecimal value: 3866.464
2025-03-12 10:22:09,294 INFO o.a.j.m.J.JSR223 PreProcessor | Number Generator: Random BigDecimal value: 1824.510
2025-03-12 10:22:09,300 INFO o.a.j.m.J.JSR223 PreProcessor | Number Generator: Random BigDecimal value: 6690.154
2025-03-12 10:22:09,313 INFO o.a.j.m.J.JSR223 PreProcessor | Number Generator: Random BigDecimal value: 5114.335
2025-03-12 10:22:09,442 INFO o.a.j.m.J.JSR223 PreProcessor | Number Generator: Random BigDecimal value: 8081.874
2025-03-12 10:22:09,450 INFO o.a.j.m.J.JSR223 PreProcessor | Number Generator: Random BigDecimal value: 2742.900
2025-03-12 10:22:09,463 INFO o.a.j.m.J.JSR223 PreProcessor | Number Generator: Random BigDecimal value: 1732.175
2025-03-12 10:22:10,149 INFO o.a.j.m.J.JSR223 PreProcessor | Number Generator: Random BigDecimal value: 6769.327
2025-03-12 10:22:10,165 INFO o.a.j.m.J.JSR223 PreProcessor | Number Generator: Random BigDecimal value: -774.277
2025-03-12 10:22:10,174 INFO o.a.j.m.J.JSR223 PreProcessor | Number Generator: Random BigDecimal value: -5.481
2025-03-12 10:22:10,316 INFO o.a.j.m.J.JSR223 PreProcessor | Number Generator: Random BigDecimal value: 8322.375
2025-03-12 10:22:10,326 INFO o.a.j.m.J.JSR223 PreProcessor | Number Generator: Random BigDecimal value: 5197.310
2025-03-12 10:22:10,342 INFO o.a.j.m.J.JSR223 PreProcessor | Number Generator: Random BigDecimal value: 7873.322
2025-03-12 10:22:10,348 INFO o.a.j.m.J.JSR223 PreProcessor | Number Generator: Random BigDecimal value: 834.772
2025-03-12 10:22:10,355 INFO o.a.j.m.J.JSR223 PreProcessor | Number Generator: Random BigDecimal value: 1506.858
2025-03-12 10:22:10,372 INFO o.a.j.m.J.JSR223 PreProcessor | Number Generator: Random BigDecimal value: 5125.069
2025-03-12 10:22:10,397 INFO o.a.j.m.J.JSR223 PreProcessor | Number Generator: Random BigDecimal value: 3175.107
2025-03-12 10:22:10,405 INFO o.a.j.m.J.JSR223 PreProcessor | Number Generator: Random BigDecimal value: 1891.797
2025-03-12 10:22:10,422 INFO o.a.j.m.J.JSR223 PreProcessor | Number Generator: Random BigDecimal value: 8715.498
2025-03-12 10:22:10,464 INFO o.a.j.m.J.JSR223 PreProcessor | Number Generator: Random BigDecimal value: 1557.619
2025-03-12 10:22:10,472 INFO o.a.j.m.J.JSR223 PreProcessor | Number Generator: Random BigDecimal value: 6574.788
2025-03-12 10:22:10,488 INFO o.a.j.m.J.JSR223 PreProcessor | Number Generator: Random BigDecimal value: 5650.049
2025-03-12 10:22:11,269 INFO o.a.j.m.J.JSR223 PreProcessor | Number Generator: Random BigDecimal value: 6072.956
2025-03-12 10:22:11,277 INFO o.a.j.m.J.JSR223 PreProcessor | Number Generator: Random BigDecimal value: 559.165
2025-03-12 10:22:11,297 INFO o.a.j.m.J.JSR223 PreProcessor | Number Generator: Random BigDecimal value: 1653.366
2025-03-12 10:22:11,350 INFO o.a.j.m.J.JSR223 PreProcessor | Number Generator: Random BigDecimal value: 7979.446
2025-03-12 10:22:11,362 INFO o.a.j.m.J.JSR223 PreProcessor | Number Generator: Random BigDecimal value: 7109.875
2025-03-12 10:22:11,400 INFO o.a.j.m.J.JSR223 PreProcessor | Number Generator: Random BigDecimal value: 2159.210
2025-03-12 10:22:11,446 INFO o.a.j.m.J.JSR223 PreProcessor | Number Generator: Random BigDecimal value: -671.580
2025-03-12 10:22:11,454 INFO o.a.j.m.J.JSR223 PreProcessor | Number Generator: Random BigDecimal value: 5080.775
2025-03-12 10:22:11,472 INFO o.a.j.m.J.JSR223 PreProcessor | Number Generator: Random BigDecimal value: 2524.294
2025-03-12 10:22:11,521 INFO o.a.j.m.J.JSR223 PreProcessor | Number Generator: Random BigDecimal value: 7981.249
2025-03-12 10:22:11,528 INFO o.a.j.m.J.JSR223 PreProcessor | Number Generator: Random BigDecimal value: 5743.475
2025-03-12 10:22:11,550 INFO o.a.j.m.J.JSR223 PreProcessor | Number Generator: Random BigDecimal value: 3953.393
2025-03-12 10:22:11,551 INFO o.a.j.m.J.JSR223 PreProcessor | Number Generator: Random BigDecimal value: 3685.963
2025-03-12 10:22:11,565 INFO o.a.j.m.J.JSR223 PreProcessor | Number Generator: Random BigDecimal value: -146.574
2025-03-12 10:22:11,574 INFO o.a.j.m.J.JSR223 PreProcessor | Number Generator: Random BigDecimal value: 2042.965
2025-03-12 10:22:12,360 INFO o.a.j.m.J.JSR223 PreProcessor | Number Generator: Random BigDecimal value: 8815.538
2025-03-12 10:22:12,367 INFO o.a.j.m.J.JSR223 PreProcessor | Number Generator: Random BigDecimal value: 3056.652
2025-03-12 10:22:12,390 INFO o.a.j.m.J.JSR223 PreProcessor | Number Generator: Random BigDecimal value: 8389.929
2025-03-12 10:22:12,492 INFO o.a.j.m.J.JSR223 PreProcessor | Number Generator: Random BigDecimal value: 5969.125
2025-03-12 10:22:12,500 INFO o.a.j.m.J.JSR223 PreProcessor | Number Generator: Random BigDecimal value: 7819.875
2025-03-12 10:22:12,525 INFO o.a.j.m.J.JSR223 PreProcessor | Number Generator: Random BigDecimal value: 6452.637
2025-03-12 10:22:12,551 INFO o.a.j.m.J.JSR223 PreProcessor | Number Generator: Random BigDecimal value: 5405.800
2025-03-12 10:22:12,570 INFO o.a.j.m.J.JSR223 PreProcessor | Number Generator: Random BigDecimal value: 9823.280
2025-03-12 10:22:12,571 INFO o.a.j.m.J.JSR223 PreProcessor | Number Generator: Random BigDecimal value: 916.111
2025-03-12 10:22:12,598 INFO o.a.j.m.J.JSR223 PreProcessor | Number Generator: Random BigDecimal value: 7229.379
2025-03-12 10:22:12,604 INFO o.a.j.m.J.JSR223 PreProcessor | Number Generator: Random BigDecimal value: 5901.165
2025-03-12 10:22:12,618 INFO o.a.j.m.J.JSR223 PreProcessor | Number Generator: Random BigDecimal value: 1721.291
2025-03-12 10:22:12,635 INFO o.a.j.m.J.JSR223 PreProcessor | Number Generator: Random BigDecimal value: 2826.737
2025-03-12 10:22:12,641 INFO o.a.j.m.J.JSR223 PreProcessor | Number Generator: Random BigDecimal value: 4918.983
2025-03-12 10:22:12,664 INFO o.a.j.m.J.JSR223 PreProcessor | Number Generator: Random BigDecimal value: 1446.736
2025-03-12 10:22:13,471 INFO o.a.j.m.J.JSR223 PreProcessor | Number Generator: Random BigDecimal value: 2366.455
2025-03-12 10:22:13,478 INFO o.a.j.m.J.JSR223 PreProcessor | Number Generator: Random BigDecimal value: -203.865
2025-03-12 10:22:13,485 INFO o.a.j.m.J.JSR223 PreProcessor | Number Generator: Random BigDecimal value: 7681.232
2025-03-12 10:22:13,618 INFO o.a.j.m.J.JSR223 PreProcessor | Number Generator: Random BigDecimal value: 4862.698
2025-03-12 10:22:13,625 INFO o.a.j.m.J.JSR223 PreProcessor | Number Generator: Random BigDecimal value: 679.895
2025-03-12 10:22:13,649 INFO o.a.j.m.J.JSR223 PreProcessor | Number Generator: Random BigDecimal value: 2050.430
2025-03-12 10:22:13,658 INFO o.a.j.m.J.JSR223 PreProcessor | Number Generator: Random BigDecimal value: 4084.036
2025-03-12 10:22:13,664 INFO o.a.j.m.J.JSR223 PreProcessor | Number Generator: Random BigDecimal value: 3340.868
2025-03-12 10:22:13,676 INFO o.a.j.m.J.JSR223 PreProcessor | Number Generator: Random BigDecimal value: 2554.462
2025-03-12 10:22:13,681 INFO o.a.j.m.J.JSR223 PreProcessor | Number Generator: Random BigDecimal value: -178.416
2025-03-12 10:22:13,685 INFO o.a.j.m.J.JSR223 PreProcessor | Number Generator: Random BigDecimal value: 2221.802
2025-03-12 10:22:13,706 INFO o.a.j.m.J.JSR223 PreProcessor | Number Generator: Random BigDecimal value: 6432.233
2025-03-12 10:22:13,751 INFO o.a.j.m.J.JSR223 PreProcessor | Number Generator: Random BigDecimal value: 6834.342
2025-03-12 10:22:13,758 INFO o.a.j.m.J.JSR223 PreProcessor | Number Generator: Random BigDecimal value: 9234.320
2025-03-12 10:22:13,773 INFO o.a.j.m.J.JSR223 PreProcessor | Number Generator: Random BigDecimal value: 6047.659
2025-03-12 10:22:14,569 INFO o.a.j.m.J.JSR223 PreProcessor | Number Generator: Random BigDecimal value: 8756.667
2025-03-12 10:22:14,577 INFO o.a.j.m.J.JSR223 PreProcessor | Number Generator: Random BigDecimal value: -759.032
2025-03-12 10:22:14,586 INFO o.a.j.m.J.JSR223 PreProcessor | Number Generator: Random BigDecimal value: 463.510
2025-03-12 10:22:14,677 INFO o.a.j.m.J.JSR223 PreProcessor | Number Generator: Random BigDecimal value: -32.389
2025-03-12 10:22:14,685 INFO o.a.j.m.J.JSR223 PreProcessor | Number Generator: Random BigDecimal value: 5757.795
2025-03-12 10:22:14,699 INFO o.a.j.m.J.JSR223 PreProcessor | Number Generator: Random BigDecimal value: 7457.469
2025-03-12 10:22:14,755 INFO o.a.j.m.J.JSR223 PreProcessor | Number Generator: Random BigDecimal value: 6190.686
2025-03-12 10:22:14,760 INFO o.a.j.m.J.JSR223 PreProcessor | Number Generator: Random BigDecimal value: 5279.564
2025-03-12 10:22:14,771 INFO o.a.j.m.J.JSR223 PreProcessor | Number Generator: Random BigDecimal value: 5432.599
2025-03-12 10:22:14,775 INFO o.a.j.m.J.JSR223 PreProcessor | Number Generator: Random BigDecimal value: 9937.725
2025-03-12 10:22:14,792 INFO o.a.j.m.J.JSR223 PreProcessor | Number Generator: Random BigDecimal value: 1713.325
2025-03-12 10:22:14,805 INFO o.a.j.m.J.JSR223 PreProcessor | Number Generator: Random BigDecimal value: 942.718
2025-03-12 10:22:14,808 INFO o.a.j.m.J.JSR223 PreProcessor | Number Generator: Random BigDecimal value: 6645.456
2025-03-12 10:22:14,833 INFO o.a.j.m.J.JSR223 PreProcessor | Number Generator: Random BigDecimal value: 5134.160
2025-03-12 10:22:14,866 INFO o.a.j.m.J.JSR223 PreProcessor | Number Generator: Random BigDecimal value: 837.523
2025-03-12 10:22:15,613 INFO o.a.j.m.J.JSR223 PreProcessor | Number Generator: Random BigDecimal value: 339.154
2025-03-12 10:22:15,625 INFO o.a.j.m.J.JSR223 PreProcessor | Number Generator: Random BigDecimal value: 404.892
2025-03-12 10:22:15,649 INFO o.a.j.m.J.JSR223 PreProcessor | Number Generator: Random BigDecimal value: 906.683
2025-03-12 10:22:15,721 INFO o.a.j.m.J.JSR223 PreProcessor | Number Generator: Random BigDecimal value: 1206.594
2025-03-12 10:22:15,729 INFO o.a.j.m.J.JSR223 PreProcessor | Number Generator: Random BigDecimal value: 8306.419
2025-03-12 10:22:15,752 INFO o.a.j.m.J.JSR223 PreProcessor | Number Generator: Random BigDecimal value: 7355.343
2025-03-12 10:22:15,841 INFO o.a.j.m.J.JSR223 PreProcessor | Number Generator: Random BigDecimal value: 708.685
2025-03-12 10:22:15,849 INFO o.a.j.m.J.JSR223 PreProcessor | Number Generator: Random BigDecimal value: 7706.024
2025-03-12 10:22:15,869 INFO o.a.j.m.J.JSR223 PreProcessor | Number Generator: Random BigDecimal value: 5590.670
2025-03-12 10:22:15,881 INFO o.a.j.m.J.JSR223 PreProcessor | Number Generator: Random BigDecimal value: 3714.727
2025-03-12 10:22:15,895 INFO o.a.j.m.J.JSR223 PreProcessor | Number Generator: Random BigDecimal value: 857.734
2025-03-12 10:22:15,896 INFO o.a.j.m.J.JSR223 PreProcessor | Number Generator: Random BigDecimal value: 9253.107
2025-03-12 10:22:15,912 INFO o.a.j.m.J.JSR223 PreProcessor | Number Generator: Random BigDecimal value: 3132.392
2025-03-12 10:22:15,919 INFO o.a.j.m.J.JSR223 PreProcessor | Number Generator: Random BigDecimal value: 1908.645
2025-03-12 10:22:15,940 INFO o.a.j.m.J.JSR223 PreProcessor | Number Generator: Random BigDecimal value: 749.512
2025-03-12 10:22:16,687 INFO o.a.j.m.J.JSR223 PreProcessor | Number Generator: Random BigDecimal value: 489.362
2025-03-12 10:22:16,703 INFO o.a.j.m.J.JSR223 PreProcessor | Number Generator: Random BigDecimal value: 5211.853
2025-03-12 10:22:16,732 INFO o.a.j.m.J.JSR223 PreProcessor | Number Generator: Random BigDecimal value: 1353.400
2025-03-12 10:22:16,847 INFO o.a.j.m.J.JSR223 PreProcessor | Number Generator: Random BigDecimal value: -730.266
2025-03-12 10:22:16,858 INFO o.a.j.m.J.JSR223 PreProcessor | Number Generator: Random BigDecimal value: 1729.717
2025-03-12 10:22:16,882 INFO o.a.j.m.J.JSR223 PreProcessor | Number Generator: Random BigDecimal value: 1396.375
2025-03-12 10:22:16,899 INFO o.a.j.m.J.JSR223 PreProcessor | Number Generator: Random BigDecimal value: 42.020
2025-03-12 10:22:16,905 INFO o.a.j.m.J.JSR223 PreProcessor | Number Generator: Random BigDecimal value: 4891.135
2025-03-12 10:22:16,923 INFO o.a.j.m.J.JSR223 PreProcessor | Number Generator: Random BigDecimal value: -57.862
2025-03-12 10:22:16,925 INFO o.a.j.m.J.JSR223 PreProcessor | Number Generator: Random BigDecimal value: 3525.090
2025-03-12 10:22:16,931 INFO o.a.j.m.J.JSR223 PreProcessor | Number Generator: Random BigDecimal value: 9948.777
2025-03-12 10:22:16,950 INFO o.a.j.m.J.JSR223 PreProcessor | Number Generator: Random BigDecimal value: 4031.206
2025-03-12 10:22:17,002 INFO o.a.j.m.J.JSR223 PreProcessor | Number Generator: Random BigDecimal value: 8517.183
2025-03-12 10:22:17,011 INFO o.a.j.m.J.JSR223 PreProcessor | Number Generator: Random BigDecimal value: 7607.199
2025-03-12 10:22:17,033 INFO o.a.j.m.J.JSR223 PreProcessor | Number Generator: Random BigDecimal value: 5701.603
2025-03-12 10:22:17,796 INFO o.a.j.m.J.JSR223 PreProcessor | Number Generator: Random BigDecimal value: 8155.197
2025-03-12 10:22:17,802 INFO o.a.j.m.J.JSR223 PreProcessor | Number Generator: Random BigDecimal value: 1231.629
2025-03-12 10:22:17,833 INFO o.a.j.m.J.JSR223 PreProcessor | Number Generator: Random BigDecimal value: 9458.751
2025-03-12 10:22:17,981 INFO o.a.j.m.J.JSR223 PreProcessor | Number Generator: Random BigDecimal value: 474.089
2025-03-12 10:22:17,981 INFO o.a.j.m.J.JSR223 PreProcessor | Number Generator: Random BigDecimal value: 8903.885
2025-03-12 10:22:17,991 INFO o.a.j.m.J.JSR223 PreProcessor | Number Generator: Random BigDecimal value: 9960.030
2025-03-12 10:22:17,993 INFO o.a.j.m.J.JSR223 PreProcessor | Number Generator: Random BigDecimal value: 1236.797
2025-03-12 10:22:17,994 INFO o.a.j.m.J.JSR223 PreProcessor | Number Generator: Random BigDecimal value: 6708.548
2025-03-12 10:22:18,006 INFO o.a.j.m.J.JSR223 PreProcessor | Number Generator: Random BigDecimal value: 1107.924
2025-03-12 10:22:18,016 INFO o.a.j.m.J.JSR223 PreProcessor | Number Generator: Random BigDecimal value: 8540.691
2025-03-12 10:22:18,025 INFO o.a.j.m.J.JSR223 PreProcessor | Number Generator: Random BigDecimal value: 4677.184
2025-03-12 10:22:18,027 INFO o.a.j.m.J.JSR223 PreProcessor | Number Generator: Random BigDecimal value: 8961.889
2025-03-12 10:22:18,111 INFO o.a.j.m.J.JSR223 PreProcessor | Number Generator: Random BigDecimal value: 9026.987
2025-03-12 10:22:18,119 INFO o.a.j.m.J.JSR223 PreProcessor | Number Generator: Random BigDecimal value: 9515.159
2025-03-12 10:22:18,141 INFO o.a.j.m.J.JSR223 PreProcessor | Number Generator: Random BigDecimal value: 6862.501
2025-03-12 10:22:18,911 INFO o.a.j.m.J.JSR223 PreProcessor | Number Generator: Random BigDecimal value: 8979.775
2025-03-12 10:22:18,918 INFO o.a.j.m.J.JSR223 PreProcessor | Number Generator: Random BigDecimal value: 8455.656
2025-03-12 10:22:19,033 INFO o.a.j.m.J.JSR223 PreProcessor | Number Generator: Random BigDecimal value: 7511.945
2025-03-12 10:22:19,039 INFO o.a.j.m.J.JSR223 PreProcessor | Number Generator: Random BigDecimal value: 2662.596
2025-03-12 10:22:19,041 INFO o.a.j.m.J.JSR223 PreProcessor | Number Generator: Random BigDecimal value: 7023.708
2025-03-12 10:22:19,047 INFO o.a.j.m.J.JSR223 PreProcessor | Number Generator: Random BigDecimal value: 7447.885
2025-03-12 10:22:19,059 INFO o.a.j.m.J.JSR223 PreProcessor | Number Generator: Random BigDecimal value: 4563.701
2025-03-12 10:22:19,066 INFO o.a.j.m.J.JSR223 PreProcessor | Number Generator: Random BigDecimal value: 4711.728
2025-03-12 10:22:19,097 INFO o.a.j.m.J.JSR223 PreProcessor | Number Generator: Random BigDecimal value: 8450.380
2025-03-12 10:22:19,130 INFO o.a.j.m.J.JSR223 PreProcessor | Number Generator: Random BigDecimal value: 449.002
2025-03-12 10:22:19,130 INFO o.a.j.m.J.JSR223 PreProcessor | Number Generator: Random BigDecimal value: 5845.628
2025-03-12 10:22:19,131 INFO o.a.j.m.J.JSR223 PreProcessor | Number Generator: Random BigDecimal value: 809.759
2025-03-12 10:22:19,209 INFO o.a.j.m.J.JSR223 PreProcessor | Number Generator: Random BigDecimal value: 9643.745
2025-03-12 10:22:19,216 INFO o.a.j.m.J.JSR223 PreProcessor | Number Generator: Random BigDecimal value: 2410.559
2025-03-12 10:22:19,233 INFO o.a.j.m.J.JSR223 PreProcessor | Number Generator: Random BigDecimal value: 9071.385
2025-03-12 10:22:20,149 INFO o.a.j.m.J.JSR223 PreProcessor | Number Generator: Random BigDecimal value: 1997.900
2025-03-12 10:22:20,153 INFO o.a.j.m.J.JSR223 PreProcessor | Number Generator: Random BigDecimal value: 5574.861
2025-03-12 10:22:20,156 INFO o.a.j.m.J.JSR223 PreProcessor | Number Generator: Random BigDecimal value: 9170.888
2025-03-12 10:22:20,164 INFO o.a.j.m.J.JSR223 PreProcessor | Number Generator: Random BigDecimal value: 138.205
2025-03-12 10:22:20,192 INFO o.a.j.m.J.JSR223 PreProcessor | Number Generator: Random BigDecimal value: 9545.630
2025-03-12 10:22:20,192 INFO o.a.j.m.J.JSR223 PreProcessor | Number Generator: Random BigDecimal value: 4310.281
2025-03-12 10:22:20,198 INFO o.a.j.m.J.JSR223 PreProcessor | Number Generator: Random BigDecimal value: 2878.007
2025-03-12 10:22:20,201 INFO o.a.j.m.J.JSR223 PreProcessor | Number Generator: Random BigDecimal value: 9557.379
2025-03-12 10:22:20,217 INFO o.a.j.m.J.JSR223 PreProcessor | Number Generator: Random BigDecimal value: 5239.177
2025-03-12 10:22:20,218 INFO o.a.j.m.J.JSR223 PreProcessor | Number Generator: Random BigDecimal value: 5049.116
2025-03-12 10:22:20,225 INFO o.a.j.m.J.JSR223 PreProcessor | Number Generator: Random BigDecimal value: 3604.541
2025-03-12 10:22:20,242 INFO o.a.j.m.J.JSR223 PreProcessor | Number Generator: Random BigDecimal value: 4773.641
2025-03-12 10:22:20,316 INFO o.a.j.m.J.JSR223 PreProcessor | Number Generator: Random BigDecimal value: 6379.895
2025-03-12 10:22:20,323 INFO o.a.j.m.J.JSR223 PreProcessor | Number Generator: Random BigDecimal value: 1120.076
2025-03-12 10:22:20,342 INFO o.a.j.m.J.JSR223 PreProcessor | Number Generator: Random BigDecimal value: 1525.489
2025-03-12 10:22:21,223 INFO o.a.j.m.J.JSR223 PreProcessor | Number Generator: Random BigDecimal value: 2557.383
2025-03-12 10:22:21,249 INFO o.a.j.m.J.JSR223 PreProcessor | Number Generator: Random BigDecimal value: -531.648
2025-03-12 10:22:21,256 INFO o.a.j.m.J.JSR223 PreProcessor | Number Generator: Random BigDecimal value: 1139.894
2025-03-12 10:22:21,257 INFO o.a.j.m.J.JSR223 PreProcessor | Number Generator: Random BigDecimal value: 4043.169
2025-03-12 10:22:21,260 INFO o.a.j.m.J.JSR223 PreProcessor | Number Generator: Random BigDecimal value: 6453.932
2025-03-12 10:22:21,275 INFO o.a.j.m.J.JSR223 PreProcessor | Number Generator: Random BigDecimal value: -885.025
2025-03-12 10:22:21,278 INFO o.a.j.m.J.JSR223 PreProcessor | Number Generator: Random BigDecimal value: 7682.975
2025-03-12 10:22:21,279 INFO o.a.j.m.J.JSR223 PreProcessor | Number Generator: Random BigDecimal value: 2176.275
2025-03-12 10:22:21,299 INFO o.a.j.m.J.JSR223 PreProcessor | Number Generator: Random BigDecimal value: 540.452
2025-03-12 10:22:21,307 INFO o.a.j.m.J.JSR223 PreProcessor | Number Generator: Random BigDecimal value: 9994.991
2025-03-12 10:22:21,337 INFO o.a.j.m.J.JSR223 PreProcessor | Number Generator: Random BigDecimal value: 6753.119
2025-03-12 10:22:21,352 INFO o.a.j.m.J.JSR223 PreProcessor | Number Generator: Random BigDecimal value: 6235.878
2025-03-12 10:22:21,422 INFO o.a.j.m.J.JSR223 PreProcessor | Number Generator: Random BigDecimal value: 7678.282
2025-03-12 10:22:21,430 INFO o.a.j.m.J.JSR223 PreProcessor | Number Generator: Random BigDecimal value: 4022.263
2025-03-12 10:22:21,461 INFO o.a.j.m.J.JSR223 PreProcessor | Number Generator: Random BigDecimal value: 6585.258
2025-03-12 10:22:22,322 INFO o.a.j.m.J.JSR223 PreProcessor | Number Generator: Random BigDecimal value: 3419.301
2025-03-12 10:22:22,322 INFO o.a.j.m.J.JSR223 PreProcessor | Number Generator: Random BigDecimal value: 5978.796
2025-03-12 10:22:22,331 INFO o.a.j.m.J.JSR223 PreProcessor | Number Generator: Random BigDecimal value: 6159.662
2025-03-12 10:22:22,338 INFO o.a.j.m.J.JSR223 PreProcessor | Number Generator: Random BigDecimal value: 139.288
2025-03-12 10:22:22,363 INFO o.a.j.m.J.JSR223 PreProcessor | Number Generator: Random BigDecimal value: 3349.092
2025-03-12 10:22:22,377 INFO o.a.j.m.J.JSR223 PreProcessor | Number Generator: Random BigDecimal value: 6259.032
2025-03-12 10:22:22,403 INFO o.a.j.m.J.JSR223 PreProcessor | Number Generator: Random BigDecimal value: 4025.501
2025-03-12 10:22:22,413 INFO o.a.j.m.J.JSR223 PreProcessor | Number Generator: Random BigDecimal value: 1413.559
2025-03-12 10:22:22,422 INFO o.a.j.m.J.JSR223 PreProcessor | Number Generator: Random BigDecimal value: 7882.865
2025-03-12 10:22:22,434 INFO o.a.j.m.J.JSR223 PreProcessor | Number Generator: Random BigDecimal value: 15.568
2025-03-12 10:22:22,446 INFO o.a.j.m.J.JSR223 PreProcessor | Number Generator: Random BigDecimal value: 3215.842
2025-03-12 10:22:22,460 INFO o.a.j.m.J.JSR223 PreProcessor | Number Generator: Random BigDecimal value: 6852.861
2025-03-12 10:22:22,554 INFO o.a.j.m.J.JSR223 PreProcessor | Number Generator: Random BigDecimal value: 608.515
2025-03-12 10:22:22,560 INFO o.a.j.m.J.JSR223 PreProcessor | Number Generator: Random BigDecimal value: 2690.230
2025-03-12 10:22:22,584 INFO o.a.j.m.J.JSR223 PreProcessor | Number Generator: Random BigDecimal value: 2471.443
2025-03-12 10:22:23,409 INFO o.a.j.m.J.JSR223 PreProcessor | Number Generator: Random BigDecimal value: 9314.507
2025-03-12 10:22:23,415 INFO o.a.j.m.J.JSR223 PreProcessor | Number Generator: Random BigDecimal value: 8399.293
2025-03-12 10:22:23,435 INFO o.a.j.m.J.JSR223 PreProcessor | Number Generator: Random BigDecimal value: 5924.363
2025-03-12 10:22:23,443 INFO o.a.j.m.J.JSR223 PreProcessor | Number Generator: Random BigDecimal value: 6289.842
2025-03-12 10:22:23,449 INFO o.a.j.m.J.JSR223 PreProcessor | Number Generator: Random BigDecimal value: 9380.343
2025-03-12 10:22:23,458 INFO o.a.j.m.J.JSR223 PreProcessor | Number Generator: Random BigDecimal value: 8228.403
2025-03-12 10:22:23,462 INFO o.a.j.m.J.JSR223 PreProcessor | Number Generator: Random BigDecimal value: 8945.447
2025-03-12 10:22:23,468 INFO o.a.j.m.J.JSR223 PreProcessor | Number Generator: Random BigDecimal value: 8446.467
2025-03-12 10:22:23,470 INFO o.a.j.m.J.JSR223 PreProcessor | Number Generator: Random BigDecimal value: 9200.199
2025-03-12 10:22:23,482 INFO o.a.j.m.J.JSR223 PreProcessor | Number Generator: Random BigDecimal value: 4036.201
2025-03-12 10:22:23,486 INFO o.a.j.m.J.JSR223 PreProcessor | Number Generator: Random BigDecimal value: 4329.943
2025-03-12 10:22:23,495 INFO o.a.j.m.J.JSR223 PreProcessor | Number Generator: Random BigDecimal value: 4067.836
2025-03-12 10:22:23,659 INFO o.a.j.m.J.JSR223 PreProcessor | Number Generator: Random BigDecimal value: 6544.473
2025-03-12 10:22:23,665 INFO o.a.j.m.J.JSR223 PreProcessor | Number Generator: Random BigDecimal value: 984.677
2025-03-12 10:22:23,685 INFO o.a.j.m.J.JSR223 PreProcessor | Number Generator: Random BigDecimal value: 2034.216
2025-03-12 10:22:24,497 INFO o.a.j.m.J.JSR223 PreProcessor | Number Generator: Random BigDecimal value: 3441.734
2025-03-12 10:22:24,500 INFO o.a.j.m.J.JSR223 PreProcessor | Number Generator: Random BigDecimal value: 9332.157
2025-03-12 10:22:24,504 INFO o.a.j.m.J.JSR223 PreProcessor | Number Generator: Random BigDecimal value: 2728.778
2025-03-12 10:22:24,510 INFO o.a.j.m.J.JSR223 PreProcessor | Number Generator: Random BigDecimal value: 7861.429
2025-03-12 10:22:24,521 INFO o.a.j.m.J.JSR223 PreProcessor | Number Generator: Random BigDecimal value: 2628.845
2025-03-12 10:22:24,528 INFO o.a.j.m.J.JSR223 PreProcessor | Number Generator: Random BigDecimal value: 8590.720
2025-03-12 10:22:24,542 INFO o.a.j.m.J.JSR223 PreProcessor | Number Generator: Random BigDecimal value: 523.155
2025-03-12 10:22:24,553 INFO o.a.j.m.J.JSR223 PreProcessor | Number Generator: Random BigDecimal value: -624.779
2025-03-12 10:22:24,554 INFO o.a.j.m.J.JSR223 PreProcessor | Number Generator: Random BigDecimal value: 2149.634
2025-03-12 10:22:24,590 INFO o.a.j.m.J.JSR223 PreProcessor | Number Generator: Random BigDecimal value: -433.157
2025-03-12 10:22:24,597 INFO o.a.j.m.J.JSR223 PreProcessor | Number Generator: Random BigDecimal value: 2994.225
2025-03-12 10:22:24,618 INFO o.a.j.m.J.JSR223 PreProcessor | Number Generator: Random BigDecimal value: 713.943
2025-03-12 10:22:24,691 INFO o.a.j.m.J.JSR223 PreProcessor | Number Generator: Random BigDecimal value: 4600.246
2025-03-12 10:22:24,697 INFO o.a.j.m.J.JSR223 PreProcessor | Number Generator: Random BigDecimal value: 9589.013
2025-03-12 10:22:24,718 INFO o.a.j.m.J.JSR223 PreProcessor | Number Generator: Random BigDecimal value: -716.072
2025-03-12 10:22:25,581 INFO o.a.j.m.J.JSR223 PreProcessor | Number Generator: Random BigDecimal value: 6833.092
2025-03-12 10:22:25,588 INFO o.a.j.m.J.JSR223 PreProcessor | Number Generator: Random BigDecimal value: 3952.960
2025-03-12 10:22:25,596 INFO o.a.j.m.J.JSR223 PreProcessor | Number Generator: Random BigDecimal value: 7254.524
2025-03-12 10:22:25,603 INFO o.a.j.m.J.JSR223 PreProcessor | Number Generator: Random BigDecimal value: 4954.264
2025-03-12 10:22:25,604 INFO o.a.j.m.J.JSR223 PreProcessor | Number Generator: Random BigDecimal value: 1294.474
2025-03-12 10:22:25,605 INFO o.a.j.m.J.JSR223 PreProcessor | Number Generator: Random BigDecimal value: 6547.170
2025-03-12 10:22:25,616 INFO o.a.j.m.J.JSR223 PreProcessor | Number Generator: Random BigDecimal value: 3531.381
2025-03-12 10:22:25,629 INFO o.a.j.m.J.JSR223 PreProcessor | Number Generator: Random BigDecimal value: 8621.663
2025-03-12 10:22:25,636 INFO o.a.j.m.J.JSR223 PreProcessor | Number Generator: Random BigDecimal value: -21.548
2025-03-12 10:22:25,637 INFO o.a.j.m.J.JSR223 PreProcessor | Number Generator: Random BigDecimal value: 8384.038
2025-03-12 10:22:25,643 INFO o.a.j.m.J.JSR223 PreProcessor | Number Generator: Random BigDecimal value: 5576.053
2025-03-12 10:22:25,660 INFO o.a.j.m.J.JSR223 PreProcessor | Number Generator: Random BigDecimal value: 4650.359
2025-03-12 10:22:25,789 INFO o.a.j.m.J.JSR223 PreProcessor | Number Generator: Random BigDecimal value: 2923.437
2025-03-12 10:22:25,796 INFO o.a.j.m.J.JSR223 PreProcessor | Number Generator: Random BigDecimal value: 2264.859
2025-03-12 10:22:25,810 INFO o.a.j.m.J.JSR223 PreProcessor | Number Generator: Random BigDecimal value: 3265.953
2025-03-12 10:22:26,645 INFO o.a.j.m.J.JSR223 PreProcessor | Number Generator: Random BigDecimal value: -501.652
2025-03-12 10:22:26,651 INFO o.a.j.m.J.JSR223 PreProcessor | Number Generator: Random BigDecimal value: 2889.556
2025-03-12 10:22:26,662 INFO o.a.j.m.J.JSR223 PreProcessor | Number Generator: Random BigDecimal value: 6604.777
2025-03-12 10:22:26,669 INFO o.a.j.m.J.JSR223 PreProcessor | Number Generator: Random BigDecimal value: 8798.874
2025-03-12 10:22:26,670 INFO o.a.j.m.J.JSR223 PreProcessor | Number Generator: Random BigDecimal value: 5379.065
2025-03-12 10:22:26,681 INFO o.a.j.m.J.JSR223 PreProcessor | Number Generator: Random BigDecimal value: 1272.178
2025-03-12 10:22:26,693 INFO o.a.j.m.J.JSR223 PreProcessor | Number Generator: Random BigDecimal value: 4390.834
2025-03-12 10:22:26,693 INFO o.a.j.m.J.JSR223 PreProcessor | Number Generator: Random BigDecimal value: 2159.487
2025-03-12 10:22:26,706 INFO o.a.j.m.J.JSR223 PreProcessor | Number Generator: Random BigDecimal value: 1829.774
2025-03-12 10:22:26,714 INFO o.a.j.m.J.JSR223 PreProcessor | Number Generator: Random BigDecimal value: 1593.666
2025-03-12 10:22:26,728 INFO o.a.j.m.J.JSR223 PreProcessor | Number Generator: Random BigDecimal value: 6695.351
2025-03-12 10:22:26,736 INFO o.a.j.m.J.JSR223 PreProcessor | Number Generator: Random BigDecimal value: 9745.314
2025-03-12 10:22:26,825 INFO o.a.j.m.J.JSR223 PreProcessor | Number Generator: Random BigDecimal value: 5531.643
2025-03-12 10:22:26,833 INFO o.a.j.m.J.JSR223 PreProcessor | Number Generator: Random BigDecimal value: 995.439
2025-03-12 10:22:26,853 INFO o.a.j.m.J.JSR223 PreProcessor | Number Generator: Random BigDecimal value: 512.454
2025-03-12 10:22:27,691 INFO o.a.j.m.J.JSR223 PreProcessor | Number Generator: Random BigDecimal value: 8113.372
2025-03-12 10:22:27,697 INFO o.a.j.m.J.JSR223 PreProcessor | Number Generator: Random BigDecimal value: 4373.766
2025-03-12 10:22:27,708 INFO o.a.j.m.J.JSR223 PreProcessor | Number Generator: Random BigDecimal value: 3944.031
2025-03-12 10:22:27,713 INFO o.a.j.m.J.JSR223 PreProcessor | Number Generator: Random BigDecimal value: -697.026
2025-03-12 10:22:27,718 INFO o.a.j.m.J.JSR223 PreProcessor | Number Generator: Random BigDecimal value: 462.962
2025-03-12 10:22:27,749 INFO o.a.j.m.J.JSR223 PreProcessor | Number Generator: Random BigDecimal value: 2164.849
2025-03-12 10:22:27,768 INFO o.a.j.m.J.JSR223 PreProcessor | Number Generator: Random BigDecimal value: 6757.500
2025-03-12 10:22:27,774 INFO o.a.j.m.J.JSR223 PreProcessor | Number Generator: Random BigDecimal value: 4673.220
2025-03-12 10:22:27,784 INFO o.a.j.m.J.JSR223 PreProcessor | Number Generator: Random BigDecimal value: 7332.774
2025-03-12 10:22:27,792 INFO o.a.j.m.J.JSR223 PreProcessor | Number Generator: Random BigDecimal value: 3733.945
2025-03-12 10:22:27,796 INFO o.a.j.m.J.JSR223 PreProcessor | Number Generator: Random BigDecimal value: -470.925
2025-03-12 10:22:27,812 INFO o.a.j.m.J.JSR223 PreProcessor | Number Generator: Random BigDecimal value: 3930.995
2025-03-12 10:22:27,927 INFO o.a.j.m.J.JSR223 PreProcessor | Number Generator: Random BigDecimal value: 865.697
2025-03-12 10:22:27,934 INFO o.a.j.m.J.JSR223 PreProcessor | Number Generator: Random BigDecimal value: 8283.559
2025-03-12 10:22:27,953 INFO o.a.j.m.J.JSR223 PreProcessor | Number Generator: Random BigDecimal value: 6600.520
2025-03-12 10:22:28,793 INFO o.a.j.m.J.JSR223 PreProcessor | Number Generator: Random BigDecimal value: 4963.894
2025-03-12 10:22:28,799 INFO o.a.j.m.J.JSR223 PreProcessor | Number Generator: Random BigDecimal value: 3972.375
2025-03-12 10:22:28,829 INFO o.a.j.m.J.JSR223 PreProcessor | Number Generator: Random BigDecimal value: 3852.554
2025-03-12 10:22:28,843 INFO o.a.j.m.J.JSR223 PreProcessor | Number Generator: Random BigDecimal value: 4921.195
2025-03-12 10:22:28,846 INFO o.a.j.m.J.JSR223 PreProcessor | Number Generator: Random BigDecimal value: 8928.264
2025-03-12 10:22:28,861 INFO o.a.j.m.J.JSR223 PreProcessor | Number Generator: Random BigDecimal value: 865.679
2025-03-12 10:22:28,874 INFO o.a.j.m.J.JSR223 PreProcessor | Number Generator: Random BigDecimal value: 7572.613
2025-03-12 10:22:28,880 INFO o.a.j.m.J.JSR223 PreProcessor | Number Generator: Random BigDecimal value: 2349.302
2025-03-12 10:22:28,882 INFO o.a.j.m.J.JSR223 PreProcessor | Number Generator: Random BigDecimal value: 6598.294
2025-03-12 10:22:28,891 INFO o.a.j.m.J.JSR223 PreProcessor | Number Generator: Random BigDecimal value: 9556.878
2025-03-12 10:22:28,904 INFO o.a.j.m.J.JSR223 PreProcessor | Number Generator: Random BigDecimal value: 1094.620
2025-03-12 10:22:28,912 INFO o.a.j.m.J.JSR223 PreProcessor | Number Generator: Random BigDecimal value: 8356.250
2025-03-12 10:22:28,958 INFO o.a.j.m.J.JSR223 PreProcessor | Number Generator: Random BigDecimal value: 5953.495
2025-03-12 10:22:28,965 INFO o.a.j.m.J.JSR223 PreProcessor | Number Generator: Random BigDecimal value: -758.649
2025-03-12 10:22:28,971 INFO o.a.j.m.J.JSR223 PreProcessor | Number Generator: Random BigDecimal value: 4044.045
2025-03-12 10:22:29,901 INFO o.a.j.m.J.JSR223 PreProcessor | Number Generator: Random BigDecimal value: 1509.499
2025-03-12 10:22:29,907 INFO o.a.j.m.J.JSR223 PreProcessor | Number Generator: Random BigDecimal value: 9656.340
2025-03-12 10:22:29,928 INFO o.a.j.m.J.JSR223 PreProcessor | Number Generator: Random BigDecimal value: 1811.215
2025-03-12 10:22:29,940 INFO o.a.j.m.J.JSR223 PreProcessor | Number Generator: Random BigDecimal value: 3774.476
2025-03-12 10:22:29,945 INFO o.a.j.m.J.JSR223 PreProcessor | Number Generator: Random BigDecimal value: 4650.661
2025-03-12 10:22:29,949 INFO o.a.j.m.J.JSR223 PreProcessor | Number Generator: Random BigDecimal value: 3468.081
2025-03-12 10:22:29,958 INFO o.a.j.m.J.JSR223 PreProcessor | Number Generator: Random BigDecimal value: 6265.274
2025-03-12 10:22:29,971 INFO o.a.j.m.J.JSR223 PreProcessor | Number Generator: Random BigDecimal value: 7844.600
2025-03-12 10:22:29,976 INFO o.a.j.m.J.JSR223 PreProcessor | Number Generator: Random BigDecimal value: 8854.985
2025-03-12 10:22:29,980 INFO o.a.j.m.J.JSR223 PreProcessor | Number Generator: Random BigDecimal value: 5404.693
2025-03-12 10:22:29,982 INFO o.a.j.m.J.JSR223 PreProcessor | Number Generator: Random BigDecimal value: 7273.140
2025-03-12 10:22:29,984 INFO o.a.j.m.J.JSR223 PreProcessor | Number Generator: Random BigDecimal value: 5737.430
2025-03-12 10:22:29,993 INFO o.a.j.m.J.JSR223 PreProcessor | Number Generator: Random BigDecimal value: 5940.689
2025-03-12 10:22:30,014 INFO o.a.j.r.Summariser: summary +    278 in 00:00:30 =    9.4/s Avg:    17 Min:     4 Max:   179 Err:   139 (50.00%) Active: 5 Started: 5 Finished: 0
2025-03-12 10:22:30,015 INFO o.a.j.r.Summariser: summary =    334 in 00:00:43 =    7.8/s Avg:    21 Min:     4 Max:   179 Err:   169 (50.60%)
2025-03-12 10:22:30,015 INFO o.a.j.m.J.JSR223 PreProcessor | Number Generator: Random BigDecimal value: 5551.585
2025-03-12 10:22:30,024 INFO o.a.j.m.J.JSR223 PreProcessor | Number Generator: Random BigDecimal value: 854.340
2025-03-12 10:22:30,974 INFO o.a.j.m.J.JSR223 PreProcessor | Number Generator: Random BigDecimal value: -799.818
2025-03-12 10:22:30,980 INFO o.a.j.m.J.JSR223 PreProcessor | Number Generator: Random BigDecimal value: 3654.909
2025-03-12 10:22:31,005 INFO o.a.j.m.J.JSR223 PreProcessor | Number Generator: Random BigDecimal value: 862.088
2025-03-12 10:22:31,016 INFO o.a.j.m.J.JSR223 PreProcessor | Number Generator: Random BigDecimal value: 2852.641
2025-03-12 10:22:31,023 INFO o.a.j.m.J.JSR223 PreProcessor | Number Generator: Random BigDecimal value: 1344.100
2025-03-12 10:22:31,034 INFO o.a.j.m.J.JSR223 PreProcessor | Number Generator: Random BigDecimal value: 4570.313
2025-03-12 10:22:31,053 INFO o.a.j.m.J.JSR223 PreProcessor | Number Generator: Random BigDecimal value: 78.866
2025-03-12 10:22:31,066 INFO o.a.j.m.J.JSR223 PreProcessor | Number Generator: Random BigDecimal value: 739.679
2025-03-12 10:22:31,081 INFO o.a.j.m.J.JSR223 PreProcessor | Number Generator: Random BigDecimal value: 3215.643
2025-03-12 10:22:31,089 INFO o.a.j.m.J.JSR223 PreProcessor | Number Generator: Random BigDecimal value: 1230.660
2025-03-12 10:22:31,099 INFO o.a.j.m.J.JSR223 PreProcessor | Number Generator: Random BigDecimal value: 7033.183
2025-03-12 10:22:31,101 INFO o.a.j.m.J.JSR223 PreProcessor | Number Generator: Random BigDecimal value: 5191.362
2025-03-12 10:22:31,116 INFO o.a.j.m.J.JSR223 PreProcessor | Number Generator: Random BigDecimal value: -33.305
2025-03-12 10:22:31,124 INFO o.a.j.m.J.JSR223 PreProcessor | Number Generator: Random BigDecimal value: -808.209
2025-03-12 10:22:31,131 INFO o.a.j.m.J.JSR223 PreProcessor | Number Generator: Random BigDecimal value: 3047.555
2025-03-12 10:22:32,015 INFO o.a.j.m.J.JSR223 PreProcessor | Number Generator: Random BigDecimal value: -59.681
2025-03-12 10:22:32,025 INFO o.a.j.m.J.JSR223 PreProcessor | Number Generator: Random BigDecimal value: 4035.069
2025-03-12 10:22:32,046 INFO o.a.j.m.J.JSR223 PreProcessor | Number Generator: Random BigDecimal value: 3309.747
2025-03-12 10:22:32,077 INFO o.a.j.m.J.JSR223 PreProcessor | Number Generator: Random BigDecimal value: 5977.529
2025-03-12 10:22:32,083 INFO o.a.j.m.J.JSR223 PreProcessor | Number Generator: Random BigDecimal value: 4489.951
2025-03-12 10:22:32,105 INFO o.a.j.m.J.JSR223 PreProcessor | Number Generator: Random BigDecimal value: 856.267
2025-03-12 10:22:32,134 INFO o.a.j.m.J.JSR223 PreProcessor | Number Generator: Random BigDecimal value: -89.205
2025-03-12 10:22:32,144 INFO o.a.j.m.J.JSR223 PreProcessor | Number Generator: Random BigDecimal value: -386.648
2025-03-12 10:22:32,154 INFO o.a.j.m.J.JSR223 PreProcessor | Number Generator: Random BigDecimal value: 3531.408
2025-03-12 10:22:32,195 INFO o.a.j.m.J.JSR223 PreProcessor | Number Generator: Random BigDecimal value: 1565.446
2025-03-12 10:22:32,204 INFO o.a.j.m.J.JSR223 PreProcessor | Number Generator: Random BigDecimal value: 7360.345
2025-03-12 10:22:32,218 INFO o.a.j.m.J.JSR223 PreProcessor | Number Generator: Random BigDecimal value: 2621.991
2025-03-12 10:22:32,226 INFO o.a.j.m.J.JSR223 PreProcessor | Number Generator: Random BigDecimal value: 7166.040
2025-03-12 10:22:32,229 INFO o.a.j.m.J.JSR223 PreProcessor | Number Generator: Random BigDecimal value: 1979.726
2025-03-12 10:22:32,256 INFO o.a.j.m.J.JSR223 PreProcessor | Number Generator: Random BigDecimal value: 8050.735
2025-03-12 10:22:33,097 INFO o.a.j.m.J.JSR223 PreProcessor | Number Generator: Random BigDecimal value: -893.653
2025-03-12 10:22:33,103 INFO o.a.j.m.J.JSR223 PreProcessor | Number Generator: Random BigDecimal value: 7482.549
2025-03-12 10:22:33,122 INFO o.a.j.m.J.JSR223 PreProcessor | Number Generator: Random BigDecimal value: -236.612
2025-03-12 10:22:33,175 INFO o.a.j.m.J.JSR223 PreProcessor | Number Generator: Random BigDecimal value: 5861.991
2025-03-12 10:22:33,180 INFO o.a.j.m.J.JSR223 PreProcessor | Number Generator: Random BigDecimal value: 5998.719
2025-03-12 10:22:33,198 INFO o.a.j.m.J.JSR223 PreProcessor | Number Generator: Random BigDecimal value: 3496.268
2025-03-12 10:22:33,204 INFO o.a.j.m.J.JSR223 PreProcessor | Number Generator: Random BigDecimal value: 9185.115
2025-03-12 10:22:33,206 INFO o.a.j.m.J.JSR223 PreProcessor | Number Generator: Random BigDecimal value: 1857.644
2025-03-12 10:22:33,223 INFO o.a.j.m.J.JSR223 PreProcessor | Number Generator: Random BigDecimal value: 6089.345
2025-03-12 10:22:33,291 INFO o.a.j.m.J.JSR223 PreProcessor | Number Generator: Random BigDecimal value: 5070.566
2025-03-12 10:22:33,296 INFO o.a.j.m.J.JSR223 PreProcessor | Number Generator: Random BigDecimal value: 4208.298
2025-03-12 10:22:33,297 INFO o.a.j.m.J.JSR223 PreProcessor | Number Generator: Random BigDecimal value: 8208.689
2025-03-12 10:22:33,303 INFO o.a.j.m.J.JSR223 PreProcessor | Number Generator: Random BigDecimal value: 7320.502
2025-03-12 10:22:33,314 INFO o.a.j.m.J.JSR223 PreProcessor | Number Generator: Random BigDecimal value: 9115.553
2025-03-12 10:22:33,322 INFO o.a.j.m.J.JSR223 PreProcessor | Number Generator: Random BigDecimal value: 3804.455
2025-03-12 10:22:34,183 INFO o.a.j.m.J.JSR223 PreProcessor | Number Generator: Random BigDecimal value: 6212.749
2025-03-12 10:22:34,189 INFO o.a.j.m.J.JSR223 PreProcessor | Number Generator: Random BigDecimal value: 9241.895
2025-03-12 10:22:34,205 INFO o.a.j.m.J.JSR223 PreProcessor | Number Generator: Random BigDecimal value: 5129.755
2025-03-12 10:22:34,224 INFO o.a.j.m.J.JSR223 PreProcessor | Number Generator: Random BigDecimal value: -554.859
2025-03-12 10:22:34,230 INFO o.a.j.m.J.JSR223 PreProcessor | Number Generator: Random BigDecimal value: -298.593
2025-03-12 10:22:34,237 INFO o.a.j.m.J.JSR223 PreProcessor | Number Generator: Random BigDecimal value: 3057.090
2025-03-12 10:22:34,278 INFO o.a.j.m.J.JSR223 PreProcessor | Number Generator: Random BigDecimal value: 2026.525
2025-03-12 10:22:34,284 INFO o.a.j.m.J.JSR223 PreProcessor | Number Generator: Random BigDecimal value: 5537.167
2025-03-12 10:22:34,298 INFO o.a.j.m.J.JSR223 PreProcessor | Number Generator: Random BigDecimal value: 8198.587
2025-03-12 10:22:34,372 INFO o.a.j.m.J.JSR223 PreProcessor | Number Generator: Random BigDecimal value: 4611.499
2025-03-12 10:22:34,378 INFO o.a.j.m.J.JSR223 PreProcessor | Number Generator: Random BigDecimal value: 6156.428
2025-03-12 10:22:34,397 INFO o.a.j.m.J.JSR223 PreProcessor | Number Generator: Random BigDecimal value: 318.717
2025-03-12 10:22:34,413 INFO o.a.j.m.J.JSR223 PreProcessor | Number Generator: Random BigDecimal value: 7813.725
2025-03-12 10:22:34,426 INFO o.a.j.m.J.JSR223 PreProcessor | Number Generator: Random BigDecimal value: 3935.841
2025-03-12 10:22:34,448 INFO o.a.j.m.J.JSR223 PreProcessor | Number Generator: Random BigDecimal value: 8482.822
2025-03-12 10:22:35,288 INFO o.a.j.m.J.JSR223 PreProcessor | Number Generator: Random BigDecimal value: 7239.855
2025-03-12 10:22:35,288 INFO o.a.j.m.J.JSR223 PreProcessor | Number Generator: Random BigDecimal value: 67.301
2025-03-12 10:22:35,295 INFO o.a.j.m.J.JSR223 PreProcessor | Number Generator: Random BigDecimal value: 6529.212
2025-03-12 10:22:35,297 INFO o.a.j.m.J.JSR223 PreProcessor | Number Generator: Random BigDecimal value: 5022.315
2025-03-12 10:22:35,323 INFO o.a.j.m.J.JSR223 PreProcessor | Number Generator: Random BigDecimal value: -703.918
2025-03-12 10:22:35,331 INFO o.a.j.m.J.JSR223 PreProcessor | Number Generator: Random BigDecimal value: 8704.121
2025-03-12 10:22:35,380 INFO o.a.j.m.J.JSR223 PreProcessor | Number Generator: Random BigDecimal value: 6536.762
2025-03-12 10:22:35,387 INFO o.a.j.m.J.JSR223 PreProcessor | Number Generator: Random BigDecimal value: -86.331
2025-03-12 10:22:35,396 INFO o.a.j.m.J.JSR223 PreProcessor | Number Generator: Random BigDecimal value: 957.975
2025-03-12 10:22:35,418 INFO o.a.j.m.J.JSR223 PreProcessor | Number Generator: Random BigDecimal value: 4948.483
2025-03-12 10:22:35,425 INFO o.a.j.m.J.JSR223 PreProcessor | Number Generator: Random BigDecimal value: 2236.591
2025-03-12 10:22:35,457 INFO o.a.j.m.J.JSR223 PreProcessor | Number Generator: Random BigDecimal value: 812.120
2025-03-12 10:22:35,546 INFO o.a.j.m.J.JSR223 PreProcessor | Number Generator: Random BigDecimal value: 8489.536
2025-03-12 10:22:35,560 INFO o.a.j.m.J.JSR223 PreProcessor | Number Generator: Random BigDecimal value: 3644.144
2025-03-12 10:22:35,581 INFO o.a.j.m.J.JSR223 PreProcessor | Number Generator: Random BigDecimal value: 5892.805
2025-03-12 10:22:36,414 INFO o.a.j.m.J.JSR223 PreProcessor | Number Generator: Random BigDecimal value: 2739.931
2025-03-12 10:22:36,422 INFO o.a.j.m.J.JSR223 PreProcessor | Number Generator: Random BigDecimal value: 9312.676
2025-03-12 10:22:36,430 INFO o.a.j.m.J.JSR223 PreProcessor | Number Generator: Random BigDecimal value: 9377.674
2025-03-12 10:22:36,439 INFO o.a.j.m.J.JSR223 PreProcessor | Number Generator: Random BigDecimal value: 7002.725
2025-03-12 10:22:36,452 INFO o.a.j.m.J.JSR223 PreProcessor | Number Generator: Random BigDecimal value: 1046.303
2025-03-12 10:22:36,455 INFO o.a.j.m.J.JSR223 PreProcessor | Number Generator: Random BigDecimal value: 1878.319
2025-03-12 10:22:36,458 INFO o.a.j.m.J.JSR223 PreProcessor | Number Generator: Random BigDecimal value: 3835.476
2025-03-12 10:22:36,464 INFO o.a.j.m.J.JSR223 PreProcessor | Number Generator: Random BigDecimal value: 9266.987
2025-03-12 10:22:36,467 INFO o.a.j.m.J.JSR223 PreProcessor | Number Generator: Random BigDecimal value: 756.575
2025-03-12 10:22:36,476 INFO o.a.j.m.J.JSR223 PreProcessor | Number Generator: Random BigDecimal value: 6108.823
2025-03-12 10:22:36,491 INFO o.a.j.m.J.JSR223 PreProcessor | Number Generator: Random BigDecimal value: 4451.418
2025-03-12 10:22:36,498 INFO o.a.j.m.J.JSR223 PreProcessor | Number Generator: Random BigDecimal value: 5293.788
2025-03-12 10:22:36,674 INFO o.a.j.m.J.JSR223 PreProcessor | Number Generator: Random BigDecimal value: 7302.887
2025-03-12 10:22:36,680 INFO o.a.j.m.J.JSR223 PreProcessor | Number Generator: Random BigDecimal value: 5936.914
2025-03-12 10:22:36,698 INFO o.a.j.m.J.JSR223 PreProcessor | Number Generator: Random BigDecimal value: 5807.609
2025-03-12 10:22:37,458 INFO o.a.j.m.J.JSR223 PreProcessor | Number Generator: Random BigDecimal value: 3028.687
2025-03-12 10:22:37,464 INFO o.a.j.m.J.JSR223 PreProcessor | Number Generator: Random BigDecimal value: 4434.214
2025-03-12 10:22:37,493 INFO o.a.j.m.J.JSR223 PreProcessor | Number Generator: Random BigDecimal value: 8743.996
2025-03-12 10:22:37,504 INFO o.a.j.m.J.JSR223 PreProcessor | Number Generator: Random BigDecimal value: -804.547
2025-03-12 10:22:37,511 INFO o.a.j.m.J.JSR223 PreProcessor | Number Generator: Random BigDecimal value: 6267.352
2025-03-12 10:22:37,518 INFO o.a.j.m.J.JSR223 PreProcessor | Number Generator: Random BigDecimal value: 3997.858
2025-03-12 10:22:37,524 INFO o.a.j.m.J.JSR223 PreProcessor | Number Generator: Random BigDecimal value: 6680.618
2025-03-12 10:22:37,528 INFO o.a.j.m.J.JSR223 PreProcessor | Number Generator: Random BigDecimal value: 9340.665
2025-03-12 10:22:37,536 INFO o.a.j.m.J.JSR223 PreProcessor | Number Generator: Random BigDecimal value: 3285.212
2025-03-12 10:22:37,540 INFO o.a.j.m.J.JSR223 PreProcessor | Number Generator: Random BigDecimal value: 4302.181
2025-03-12 10:22:37,548 INFO o.a.j.m.J.JSR223 PreProcessor | Number Generator: Random BigDecimal value: 804.987
2025-03-12 10:22:37,565 INFO o.a.j.m.J.JSR223 PreProcessor | Number Generator: Random BigDecimal value: 4470.455
2025-03-12 10:22:37,787 INFO o.a.j.m.J.JSR223 PreProcessor | Number Generator: Random BigDecimal value: 4653.410
2025-03-12 10:22:37,793 INFO o.a.j.m.J.JSR223 PreProcessor | Number Generator: Random BigDecimal value: 9830.451
2025-03-12 10:22:37,807 INFO o.a.j.m.J.JSR223 PreProcessor | Number Generator: Random BigDecimal value: 3828.783
2025-03-12 10:22:38,521 INFO o.a.j.m.J.JSR223 PreProcessor | Number Generator: Random BigDecimal value: 619.579
2025-03-12 10:22:38,527 INFO o.a.j.m.J.JSR223 PreProcessor | Number Generator: Random BigDecimal value: 4703.457
2025-03-12 10:22:38,537 INFO o.a.j.m.J.JSR223 PreProcessor | Number Generator: Random BigDecimal value: 1282.307
2025-03-12 10:22:38,541 INFO o.a.j.m.J.JSR223 PreProcessor | Number Generator: Random BigDecimal value: 5928.067
2025-03-12 10:22:38,545 INFO o.a.j.m.J.JSR223 PreProcessor | Number Generator: Random BigDecimal value: -511.587
2025-03-12 10:22:38,552 INFO o.a.j.m.J.JSR223 PreProcessor | Number Generator: Random BigDecimal value: 3800.830
2025-03-12 10:22:38,599 INFO o.a.j.m.J.JSR223 PreProcessor | Number Generator: Random BigDecimal value: 1172.403
2025-03-12 10:22:38,605 INFO o.a.j.m.J.JSR223 PreProcessor | Number Generator: Random BigDecimal value: 6584.871
2025-03-12 10:22:38,623 INFO o.a.j.m.J.JSR223 PreProcessor | Number Generator: Random BigDecimal value: 2059.642
2025-03-12 10:22:38,632 INFO o.a.j.m.J.JSR223 PreProcessor | Number Generator: Random BigDecimal value: 7673.264
2025-03-12 10:22:38,638 INFO o.a.j.m.J.JSR223 PreProcessor | Number Generator: Random BigDecimal value: 1620.335
2025-03-12 10:22:38,658 INFO o.a.j.m.J.JSR223 PreProcessor | Number Generator: Random BigDecimal value: 9806.057
2025-03-12 10:22:38,883 INFO o.a.j.m.J.JSR223 PreProcessor | Number Generator: Random BigDecimal value: 5752.536
2025-03-12 10:22:38,889 INFO o.a.j.m.J.JSR223 PreProcessor | Number Generator: Random BigDecimal value: 7440.698
2025-03-12 10:22:38,908 INFO o.a.j.m.J.JSR223 PreProcessor | Number Generator: Random BigDecimal value: 3385.956
2025-03-12 10:22:39,603 INFO o.a.j.m.J.JSR223 PreProcessor | Number Generator: Random BigDecimal value: -738.767
2025-03-12 10:22:39,608 INFO o.a.j.m.J.JSR223 PreProcessor | Number Generator: Random BigDecimal value: 7019.177
2025-03-12 10:22:39,608 INFO o.a.j.m.J.JSR223 PreProcessor | Number Generator: Random BigDecimal value: 9740.817
2025-03-12 10:22:39,617 INFO o.a.j.m.J.JSR223 PreProcessor | Number Generator: Random BigDecimal value: 9798.665
2025-03-12 10:22:39,633 INFO o.a.j.m.J.JSR223 PreProcessor | Number Generator: Random BigDecimal value: 1922.980
2025-03-12 10:22:39,650 INFO o.a.j.m.J.JSR223 PreProcessor | Number Generator: Random BigDecimal value: 19.306
2025-03-12 10:22:39,681 INFO o.a.j.m.J.JSR223 PreProcessor | Number Generator: Random BigDecimal value: -542.217
2025-03-12 10:22:39,688 INFO o.a.j.m.J.JSR223 PreProcessor | Number Generator: Random BigDecimal value: -135.804
2025-03-12 10:22:39,701 INFO o.a.j.m.J.JSR223 PreProcessor | Number Generator: Random BigDecimal value: 6717.263
2025-03-12 10:22:39,730 INFO o.a.j.m.J.JSR223 PreProcessor | Number Generator: Random BigDecimal value: 5329.804
2025-03-12 10:22:39,737 INFO o.a.j.m.J.JSR223 PreProcessor | Number Generator: Random BigDecimal value: 3976.152
2025-03-12 10:22:39,797 INFO o.a.j.m.J.JSR223 PreProcessor | Number Generator: Random BigDecimal value: 568.852
2025-03-12 10:22:39,965 INFO o.a.j.m.J.JSR223 PreProcessor | Number Generator: Random BigDecimal value: 4383.814
2025-03-12 10:22:39,972 INFO o.a.j.m.J.JSR223 PreProcessor | Number Generator: Random BigDecimal value: 5576.033
2025-03-12 10:22:39,995 INFO o.a.j.m.J.JSR223 PreProcessor | Number Generator: Random BigDecimal value: -294.937
2025-03-12 10:22:40,683 INFO o.a.j.m.J.JSR223 PreProcessor | Number Generator: Random BigDecimal value: 4274.007
2025-03-12 10:22:40,690 INFO o.a.j.m.J.JSR223 PreProcessor | Number Generator: Random BigDecimal value: 7364.325
2025-03-12 10:22:40,700 INFO o.a.j.m.J.JSR223 PreProcessor | Number Generator: Random BigDecimal value: 352.575
2025-03-12 10:22:40,706 INFO o.a.j.m.J.JSR223 PreProcessor | Number Generator: Random BigDecimal value: 7690.636
2025-03-12 10:22:40,707 INFO o.a.j.m.J.JSR223 PreProcessor | Number Generator: Random BigDecimal value: 7978.043
2025-03-12 10:22:40,710 INFO o.a.j.m.J.JSR223 PreProcessor | Number Generator: Random BigDecimal value: 1952.636
2025-03-12 10:22:40,717 INFO o.a.j.m.J.JSR223 PreProcessor | Number Generator: Random BigDecimal value: -58.943
2025-03-12 10:22:40,727 INFO o.a.j.m.J.JSR223 PreProcessor | Number Generator: Random BigDecimal value: 672.045
2025-03-12 10:22:40,729 INFO o.a.j.m.J.JSR223 PreProcessor | Number Generator: Random BigDecimal value: 6289.727
2025-03-12 10:22:40,882 INFO o.a.j.m.J.JSR223 PreProcessor | Number Generator: Random BigDecimal value: 5189.613
2025-03-12 10:22:40,888 INFO o.a.j.m.J.JSR223 PreProcessor | Number Generator: Random BigDecimal value: 9009.959
2025-03-12 10:22:40,909 INFO o.a.j.m.J.JSR223 PreProcessor | Number Generator: Random BigDecimal value: 4682.996
2025-03-12 10:22:41,094 INFO o.a.j.m.J.JSR223 PreProcessor | Number Generator: Random BigDecimal value: -943.706
2025-03-12 10:22:41,100 INFO o.a.j.m.J.JSR223 PreProcessor | Number Generator: Random BigDecimal value: 9133.169
2025-03-12 10:22:41,116 INFO o.a.j.m.J.JSR223 PreProcessor | Number Generator: Random BigDecimal value: 5777.452
2025-03-12 10:22:41,788 INFO o.a.j.m.J.JSR223 PreProcessor | Number Generator: Random BigDecimal value: -469.658
2025-03-12 10:22:41,788 INFO o.a.j.m.J.JSR223 PreProcessor | Number Generator: Random BigDecimal value: 9809.294
2025-03-12 10:22:41,794 INFO o.a.j.m.J.JSR223 PreProcessor | Number Generator: Random BigDecimal value: 5996.413
2025-03-12 10:22:41,794 INFO o.a.j.m.J.JSR223 PreProcessor | Number Generator: Random BigDecimal value: 3052.839
2025-03-12 10:22:41,822 INFO o.a.j.m.J.JSR223 PreProcessor | Number Generator: Random BigDecimal value: 5913.242
2025-03-12 10:22:41,830 INFO o.a.j.m.J.JSR223 PreProcessor | Number Generator: Random BigDecimal value: 5508.441
2025-03-12 10:22:41,843 INFO o.a.j.m.J.JSR223 PreProcessor | Number Generator: Random BigDecimal value: 6921.525
2025-03-12 10:22:41,868 INFO o.a.j.m.J.JSR223 PreProcessor | Number Generator: Random BigDecimal value: 8626.854
2025-03-12 10:22:41,868 INFO o.a.j.m.J.JSR223 PreProcessor | Number Generator: Random BigDecimal value: 1860.716
2025-03-12 10:22:41,945 INFO o.a.j.m.J.JSR223 PreProcessor | Number Generator: Random BigDecimal value: 429.450
2025-03-12 10:22:41,951 INFO o.a.j.m.J.JSR223 PreProcessor | Number Generator: Random BigDecimal value: 7224.405
2025-03-12 10:22:41,976 INFO o.a.j.m.J.JSR223 PreProcessor | Number Generator: Random BigDecimal value: 7099.068
2025-03-12 10:22:42,194 INFO o.a.j.m.J.JSR223 PreProcessor | Number Generator: Random BigDecimal value: 7292.572
2025-03-12 10:22:42,203 INFO o.a.j.m.J.JSR223 PreProcessor | Number Generator: Random BigDecimal value: -406.039
2025-03-12 10:22:42,220 INFO o.a.j.m.J.JSR223 PreProcessor | Number Generator: Random BigDecimal value: 1563.657
2025-03-12 10:22:42,879 INFO o.a.j.m.J.JSR223 PreProcessor | Number Generator: Random BigDecimal value: 7759.795
2025-03-12 10:22:42,885 INFO o.a.j.m.J.JSR223 PreProcessor | Number Generator: Random BigDecimal value: 8103.550
2025-03-12 10:22:42,886 INFO o.a.j.m.J.JSR223 PreProcessor | Number Generator: Random BigDecimal value: 677.313
2025-03-12 10:22:42,895 INFO o.a.j.m.J.JSR223 PreProcessor | Number Generator: Random BigDecimal value: 8900.459
2025-03-12 10:22:42,901 INFO o.a.j.m.J.JSR223 PreProcessor | Number Generator: Random BigDecimal value: 5353.735
2025-03-12 10:22:42,908 INFO o.a.j.m.J.JSR223 PreProcessor | Number Generator: Random BigDecimal value: -6.903
2025-03-12 10:22:42,941 INFO o.a.j.m.J.JSR223 PreProcessor | Number Generator: Random BigDecimal value: 4037.017
2025-03-12 10:22:42,949 INFO o.a.j.m.J.JSR223 PreProcessor | Number Generator: Random BigDecimal value: 9440.811
2025-03-12 10:22:42,967 INFO o.a.j.m.J.JSR223 PreProcessor | Number Generator: Random BigDecimal value: 3234.648
2025-03-12 10:22:43,037 INFO o.a.j.m.J.JSR223 PreProcessor | Number Generator: Random BigDecimal value: 7523.479
2025-03-12 10:22:43,044 INFO o.a.j.m.J.JSR223 PreProcessor | Number Generator: Random BigDecimal value: 279.362
2025-03-12 10:22:43,068 INFO o.a.j.m.J.JSR223 PreProcessor | Number Generator: Random BigDecimal value: 1169.995
2025-03-12 10:22:43,308 INFO o.a.j.m.J.JSR223 PreProcessor | Number Generator: Random BigDecimal value: 4463.262
2025-03-12 10:22:43,313 INFO o.a.j.m.J.JSR223 PreProcessor | Number Generator: Random BigDecimal value: 4447.981
2025-03-12 10:22:43,325 INFO o.a.j.m.J.JSR223 PreProcessor | Number Generator: Random BigDecimal value: 4642.597
2025-03-12 10:22:43,957 INFO o.a.j.m.J.JSR223 PreProcessor | Number Generator: Random BigDecimal value: 5934.991
2025-03-12 10:22:43,963 INFO o.a.j.m.J.JSR223 PreProcessor | Number Generator: Random BigDecimal value: -17.931
2025-03-12 10:22:43,970 INFO o.a.j.m.J.JSR223 PreProcessor | Number Generator: Random BigDecimal value: 7228.623
2025-03-12 10:22:44,000 INFO o.a.j.m.J.JSR223 PreProcessor | Number Generator: Random BigDecimal value: 2457.670
2025-03-12 10:22:44,005 INFO o.a.j.m.J.JSR223 PreProcessor | Number Generator: Random BigDecimal value: 4666.885
2025-03-12 10:22:44,027 INFO o.a.j.m.J.JSR223 PreProcessor | Number Generator: Random BigDecimal value: 690.965
2025-03-12 10:22:44,032 INFO o.a.j.m.J.JSR223 PreProcessor | Number Generator: Random BigDecimal value: 2971.334
2025-03-12 10:22:44,039 INFO o.a.j.m.J.JSR223 PreProcessor | Number Generator: Random BigDecimal value: 6974.463
2025-03-12 10:22:44,061 INFO o.a.j.m.J.JSR223 PreProcessor | Number Generator: Random BigDecimal value: -134.769
2025-03-12 10:22:44,125 INFO o.a.j.m.J.JSR223 PreProcessor | Number Generator: Random BigDecimal value: 2491.548
2025-03-12 10:22:44,133 INFO o.a.j.m.J.JSR223 PreProcessor | Number Generator: Random BigDecimal value: 5545.654
2025-03-12 10:22:44,151 INFO o.a.j.m.J.JSR223 PreProcessor | Number Generator: Random BigDecimal value: 1031.911
2025-03-12 10:22:44,407 INFO o.a.j.m.J.JSR223 PreProcessor | Number Generator: Random BigDecimal value: 896.511
2025-03-12 10:22:44,417 INFO o.a.j.m.J.JSR223 PreProcessor | Number Generator: Random BigDecimal value: 9169.641
2025-03-12 10:22:44,436 INFO o.a.j.m.J.JSR223 PreProcessor | Number Generator: Random BigDecimal value: 644.939
2025-03-12 10:22:45,017 INFO o.a.j.m.J.JSR223 PreProcessor | Number Generator: Random BigDecimal value: 9252.309
2025-03-12 10:22:45,024 INFO o.a.j.m.J.JSR223 PreProcessor | Number Generator: Random BigDecimal value: 1871.179
2025-03-12 10:22:45,059 INFO o.a.j.m.J.JSR223 PreProcessor | Number Generator: Random BigDecimal value: 9423.445
2025-03-12 10:22:45,099 INFO o.a.j.m.J.JSR223 PreProcessor | Number Generator: Random BigDecimal value: 8784.656
2025-03-12 10:22:45,105 INFO o.a.j.m.J.JSR223 PreProcessor | Number Generator: Random BigDecimal value: 2828.479
2025-03-12 10:22:45,106 INFO o.a.j.m.J.JSR223 PreProcessor | Number Generator: Random BigDecimal value: 4946.387
2025-03-12 10:22:45,118 INFO o.a.j.m.J.JSR223 PreProcessor | Number Generator: Random BigDecimal value: 2337.405
2025-03-12 10:22:45,137 INFO o.a.j.m.J.JSR223 PreProcessor | Number Generator: Random BigDecimal value: 6908.673
2025-03-12 10:22:45,142 INFO o.a.j.m.J.JSR223 PreProcessor | Number Generator: Random BigDecimal value: 7344.343
2025-03-12 10:22:45,217 INFO o.a.j.m.J.JSR223 PreProcessor | Number Generator: Random BigDecimal value: 9838.300
2025-03-12 10:22:45,225 INFO o.a.j.m.J.JSR223 PreProcessor | Number Generator: Random BigDecimal value: 9220.627
2025-03-12 10:22:45,243 INFO o.a.j.m.J.JSR223 PreProcessor | Number Generator: Random BigDecimal value: 6194.495
2025-03-12 10:22:45,520 INFO o.a.j.m.J.JSR223 PreProcessor | Number Generator: Random BigDecimal value: 3666.754
2025-03-12 10:22:45,526 INFO o.a.j.m.J.JSR223 PreProcessor | Number Generator: Random BigDecimal value: 6085.931
2025-03-12 10:22:45,544 INFO o.a.j.m.J.JSR223 PreProcessor | Number Generator: Random BigDecimal value: 4927.345
2025-03-12 10:22:46,105 INFO o.a.j.m.J.JSR223 PreProcessor | Number Generator: Random BigDecimal value: 8016.185
2025-03-12 10:22:46,110 INFO o.a.j.m.J.JSR223 PreProcessor | Number Generator: Random BigDecimal value: 7494.204
2025-03-12 10:22:46,126 INFO o.a.j.m.J.JSR223 PreProcessor | Number Generator: Random BigDecimal value: 5220.691
2025-03-12 10:22:46,196 INFO o.a.j.m.J.JSR223 PreProcessor | Number Generator: Random BigDecimal value: 2541.580
2025-03-12 10:22:46,205 INFO o.a.j.m.J.JSR223 PreProcessor | Number Generator: Random BigDecimal value: 7642.149
2025-03-12 10:22:46,221 INFO o.a.j.m.J.JSR223 PreProcessor | Number Generator: Random BigDecimal value: 4926.344
2025-03-12 10:22:46,224 INFO o.a.j.m.J.JSR223 PreProcessor | Number Generator: Random BigDecimal value: 2465.286
2025-03-12 10:22:46,232 INFO o.a.j.m.J.JSR223 PreProcessor | Number Generator: Random BigDecimal value: 9740.754
2025-03-12 10:22:46,248 INFO o.a.j.m.J.JSR223 PreProcessor | Number Generator: Random BigDecimal value: 3267.202
2025-03-12 10:22:46,252 INFO o.a.j.m.J.JSR223 PreProcessor | Number Generator: Random BigDecimal value: 3172.904
2025-03-12 10:22:46,256 INFO o.a.j.m.J.JSR223 PreProcessor | Number Generator: Random BigDecimal value: 863.321
2025-03-12 10:22:46,278 INFO o.a.j.m.J.JSR223 PreProcessor | Number Generator: Random BigDecimal value: 3093.621
2025-03-12 10:22:46,557 INFO o.a.j.m.J.JSR223 PreProcessor | Number Generator: Random BigDecimal value: 9321.245
2025-03-12 10:22:46,576 INFO o.a.j.m.J.JSR223 PreProcessor | Number Generator: Random BigDecimal value: 6462.847
2025-03-12 10:22:46,604 INFO o.a.j.m.J.JSR223 PreProcessor | Number Generator: Random BigDecimal value: 6904.843
2025-03-12 10:22:47,216 INFO o.a.j.m.J.JSR223 PreProcessor | Number Generator: Random BigDecimal value: 8126.407
2025-03-12 10:22:47,221 INFO o.a.j.m.J.JSR223 PreProcessor | Number Generator: Random BigDecimal value: 4693.517
2025-03-12 10:22:47,236 INFO o.a.j.m.J.JSR223 PreProcessor | Number Generator: Random BigDecimal value: 7184.240
2025-03-12 10:22:47,302 INFO o.a.j.m.J.JSR223 PreProcessor | Number Generator: Random BigDecimal value: 7691.191
2025-03-12 10:22:47,309 INFO o.a.j.m.J.JSR223 PreProcessor | Number Generator: Random BigDecimal value: 4191.576
2025-03-12 10:22:47,316 INFO o.a.j.m.J.JSR223 PreProcessor | Number Generator: Random BigDecimal value: 8521.732
2025-03-12 10:22:47,321 INFO o.a.j.m.J.JSR223 PreProcessor | Number Generator: Random BigDecimal value: 2381.443
2025-03-12 10:22:47,327 INFO o.a.j.m.J.JSR223 PreProcessor | Number Generator: Random BigDecimal value: 2507.869
2025-03-12 10:22:47,336 INFO o.a.j.m.J.JSR223 PreProcessor | Number Generator: Random BigDecimal value: 2877.166
2025-03-12 10:22:47,363 INFO o.a.j.m.J.JSR223 PreProcessor | Number Generator: Random BigDecimal value: 1616.534
2025-03-12 10:22:47,369 INFO o.a.j.m.J.JSR223 PreProcessor | Number Generator: Random BigDecimal value: 1922.840
2025-03-12 10:22:47,386 INFO o.a.j.m.J.JSR223 PreProcessor | Number Generator: Random BigDecimal value: -636.288
2025-03-12 10:22:47,675 INFO o.a.j.m.J.JSR223 PreProcessor | Number Generator: Random BigDecimal value: 108.039
2025-03-12 10:22:47,681 INFO o.a.j.m.J.JSR223 PreProcessor | Number Generator: Random BigDecimal value: 4259.428
2025-03-12 10:22:47,694 INFO o.a.j.m.J.JSR223 PreProcessor | Number Generator: Random BigDecimal value: 8927.385
2025-03-12 10:22:48,295 INFO o.a.j.m.J.JSR223 PreProcessor | Number Generator: Random BigDecimal value: 5562.392
2025-03-12 10:22:48,301 INFO o.a.j.m.J.JSR223 PreProcessor | Number Generator: Random BigDecimal value: 5992.877
2025-03-12 10:22:48,320 INFO o.a.j.m.J.JSR223 PreProcessor | Number Generator: Random BigDecimal value: 4233.937
2025-03-12 10:22:48,341 INFO o.a.j.m.J.JSR223 PreProcessor | Number Generator: Random BigDecimal value: 3403.791
2025-03-12 10:22:48,348 INFO o.a.j.m.J.JSR223 PreProcessor | Number Generator: Random BigDecimal value: 738.325
2025-03-12 10:22:48,361 INFO o.a.j.m.J.JSR223 PreProcessor | Number Generator: Random BigDecimal value: 45.105
2025-03-12 10:22:48,395 INFO o.a.j.m.J.JSR223 PreProcessor | Number Generator: Random BigDecimal value: 306.899
2025-03-12 10:22:48,403 INFO o.a.j.m.J.JSR223 PreProcessor | Number Generator: Random BigDecimal value: 2516.186
2025-03-12 10:22:48,422 INFO o.a.j.m.J.JSR223 PreProcessor | Number Generator: Random BigDecimal value: -15.757
2025-03-12 10:22:48,436 INFO o.a.j.m.J.JSR223 PreProcessor | Number Generator: Random BigDecimal value: 4510.327
2025-03-12 10:22:48,445 INFO o.a.j.m.J.JSR223 PreProcessor | Number Generator: Random BigDecimal value: 8167.829
2025-03-12 10:22:48,461 INFO o.a.j.m.J.JSR223 PreProcessor | Number Generator: Random BigDecimal value: 8471.531
2025-03-12 10:22:48,734 INFO o.a.j.m.J.JSR223 PreProcessor | Number Generator: Random BigDecimal value: -223.868
2025-03-12 10:22:48,739 INFO o.a.j.m.J.JSR223 PreProcessor | Number Generator: Random BigDecimal value: 8304.168
2025-03-12 10:22:48,752 INFO o.a.j.m.J.JSR223 PreProcessor | Number Generator: Random BigDecimal value: 7918.886
2025-03-12 10:22:49,348 INFO o.a.j.m.J.JSR223 PreProcessor | Number Generator: Random BigDecimal value: 644.068
2025-03-12 10:22:49,356 INFO o.a.j.m.J.JSR223 PreProcessor | Number Generator: Random BigDecimal value: 5257.911
2025-03-12 10:22:49,386 INFO o.a.j.m.J.JSR223 PreProcessor | Number Generator: Random BigDecimal value: 1339.737
2025-03-12 10:22:49,410 INFO o.a.j.m.J.JSR223 PreProcessor | Number Generator: Random BigDecimal value: -368.567
2025-03-12 10:22:49,419 INFO o.a.j.m.J.JSR223 PreProcessor | Number Generator: Random BigDecimal value: 4308.428
2025-03-12 10:22:49,445 INFO o.a.j.m.J.JSR223 PreProcessor | Number Generator: Random BigDecimal value: 1216.072
2025-03-12 10:22:49,460 INFO o.a.j.m.J.JSR223 PreProcessor | Number Generator: Random BigDecimal value: 1975.181
2025-03-12 10:22:49,470 INFO o.a.j.m.J.JSR223 PreProcessor | Number Generator: Random BigDecimal value: 4299.235
2025-03-12 10:22:49,505 INFO o.a.j.m.J.JSR223 PreProcessor | Number Generator: Random BigDecimal value: 4215.975
2025-03-12 10:22:49,515 INFO o.a.j.m.J.JSR223 PreProcessor | Number Generator: Random BigDecimal value: 3630.615
2025-03-12 10:22:49,522 INFO o.a.j.m.J.JSR223 PreProcessor | Number Generator: Random BigDecimal value: 9818.063
2025-03-12 10:22:49,538 INFO o.a.j.m.J.JSR223 PreProcessor | Number Generator: Random BigDecimal value: 2632.194
2025-03-12 10:22:49,759 INFO o.a.j.m.J.JSR223 PreProcessor | Number Generator: Random BigDecimal value: 2133.244
2025-03-12 10:22:49,765 INFO o.a.j.m.J.JSR223 PreProcessor | Number Generator: Random BigDecimal value: 4142.922
2025-03-12 10:22:49,787 INFO o.a.j.m.J.JSR223 PreProcessor | Number Generator: Random BigDecimal value: 6210.485
2025-03-12 10:22:50,388 INFO o.a.j.m.J.JSR223 PreProcessor | Number Generator: Random BigDecimal value: 3588.068
2025-03-12 10:22:50,396 INFO o.a.j.m.J.JSR223 PreProcessor | Number Generator: Random BigDecimal value: 6534.218
2025-03-12 10:22:50,428 INFO o.a.j.m.J.JSR223 PreProcessor | Number Generator: Random BigDecimal value: 5014.734
2025-03-12 10:22:50,490 INFO o.a.j.m.J.JSR223 PreProcessor | Number Generator: Random BigDecimal value: 4428.074
2025-03-12 10:22:50,496 INFO o.a.j.m.J.JSR223 PreProcessor | Number Generator: Random BigDecimal value: 7393.869
2025-03-12 10:22:50,520 INFO o.a.j.m.J.JSR223 PreProcessor | Number Generator: Random BigDecimal value: 4734.411
2025-03-12 10:22:50,550 INFO o.a.j.m.J.JSR223 PreProcessor | Number Generator: Random BigDecimal value: 7295.144
2025-03-12 10:22:50,562 INFO o.a.j.m.J.JSR223 PreProcessor | Number Generator: Random BigDecimal value: 6931.081
2025-03-12 10:22:50,563 INFO o.a.j.m.J.JSR223 PreProcessor | Number Generator: Random BigDecimal value: 3933.632
2025-03-12 10:22:50,582 INFO o.a.j.m.J.JSR223 PreProcessor | Number Generator: Random BigDecimal value: 1965.549
2025-03-12 10:22:50,583 INFO o.a.j.m.J.JSR223 PreProcessor | Number Generator: Random BigDecimal value: 2851.513
2025-03-12 10:22:50,604 INFO o.a.j.m.J.JSR223 PreProcessor | Number Generator: Random BigDecimal value: 8865.973
2025-03-12 10:22:50,851 INFO o.a.j.m.J.JSR223 PreProcessor | Number Generator: Random BigDecimal value: 6894.949
2025-03-12 10:22:50,857 INFO o.a.j.m.J.JSR223 PreProcessor | Number Generator: Random BigDecimal value: 7215.796
2025-03-12 10:22:50,871 INFO o.a.j.m.J.JSR223 PreProcessor | Number Generator: Random BigDecimal value: 5721.355
2025-03-12 10:22:51,451 INFO o.a.j.m.J.JSR223 PreProcessor | Number Generator: Random BigDecimal value: 4511.970
2025-03-12 10:22:51,456 INFO o.a.j.m.J.JSR223 PreProcessor | Number Generator: Random BigDecimal value: 5924.064
2025-03-12 10:22:51,471 INFO o.a.j.m.J.JSR223 PreProcessor | Number Generator: Random BigDecimal value: 7047.233
2025-03-12 10:22:51,471 INFO o.a.j.t.JMeterThread: Thread finished: Scenario 1 1-3
2025-03-12 10:22:51,562 INFO o.a.j.m.J.JSR223 PreProcessor | Number Generator: Random BigDecimal value: 5899.689
2025-03-12 10:22:51,569 INFO o.a.j.m.J.JSR223 PreProcessor | Number Generator: Random BigDecimal value: -563.954
2025-03-12 10:22:51,579 INFO o.a.j.m.J.JSR223 PreProcessor | Number Generator: Random BigDecimal value: 8203.501
2025-03-12 10:22:51,579 INFO o.a.j.t.JMeterThread: Thread finished: Scenario 1 1-4
2025-03-12 10:22:51,604 INFO o.a.j.m.J.JSR223 PreProcessor | Number Generator: Random BigDecimal value: 1094.403
2025-03-12 10:22:51,611 INFO o.a.j.m.J.JSR223 PreProcessor | Number Generator: Random BigDecimal value: 138.955
2025-03-12 10:22:51,637 INFO o.a.j.m.J.JSR223 PreProcessor | Number Generator: Random BigDecimal value: 8788.924
2025-03-12 10:22:51,637 INFO o.a.j.t.JMeterThread: Thread finished: Scenario 1 1-5
2025-03-12 10:22:51,643 INFO o.a.j.m.J.JSR223 PreProcessor | Number Generator: Random BigDecimal value: 3431.017
2025-03-12 10:22:51,649 INFO o.a.j.m.J.JSR223 PreProcessor | Number Generator: Random BigDecimal value: -447.581
2025-03-12 10:22:51,654 INFO o.a.j.m.J.JSR223 PreProcessor | Number Generator: Random BigDecimal value: 3692.435
2025-03-12 10:22:51,654 INFO o.a.j.t.JMeterThread: Thread finished: Scenario 1 1-1
2025-03-12 10:22:51,959 INFO o.a.j.m.J.JSR223 PreProcessor | Number Generator: Random BigDecimal value: 8436.591
2025-03-12 10:22:51,965 INFO o.a.j.m.J.JSR223 PreProcessor | Number Generator: Random BigDecimal value: 9027.268
2025-03-12 10:22:51,987 INFO o.a.j.m.J.JSR223 PreProcessor | Number Generator: Random BigDecimal value: 9634.184
2025-03-12 10:22:51,987 INFO o.a.j.t.JMeterThread: Thread finished: Scenario 1 1-2
2025-03-12 10:22:51,987 INFO o.a.j.e.StandardJMeterEngine: Notifying test listeners of end of test
2025-03-12 10:22:51,990 INFO o.a.j.r.Summariser: summary +    201 in 00:00:22 =    9.1/s Avg:    14 Min:     3 Max:    74 Err:   101 (50.25%) Active: 0 Started: 5 Finished: 5
2025-03-12 10:22:51,990 INFO o.a.j.r.Summariser: summary =    535 in 00:01:05 =    8.3/s Avg:    18 Min:     3 Max:   179 Err:   270 (50.47%)
